2023-12-02 22:18:11.413 [info] Log level: Info
2023-12-02 22:18:11.413 [info] Validating found git in: "git"
2023-12-02 22:18:11.413 [info] Using git "2.34.1" from "git"
2023-12-02 22:18:11.413 [info] > git rev-parse --show-toplevel [3ms]
2023-12-02 22:18:11.414 [info] > git rev-parse --git-dir --git-common-dir [1ms]
2023-12-02 22:18:11.424 [info] Open repository: /home/ahmed/Documents/ahmed/work/alaa_front
2023-12-02 22:18:11.438 [info] > git rev-parse --show-toplevel [3ms]
2023-12-02 22:18:11.438 [info] > git config --get commit.template [8ms]
2023-12-02 22:18:11.452 [info] > git rev-parse --show-toplevel [6ms]
2023-12-02 22:18:11.456 [info] > git for-each-ref --format=%(refname)%00%(upstream:short)%00%(objectname)%00%(upstream:track)%00%(upstream:remotename)%00%(upstream:remoteref) refs/heads/main refs/remotes/main [6ms]
2023-12-02 22:18:11.463 [info] > git status -z -uall [2ms]
2023-12-02 22:18:11.478 [info] > git config --get commit.template [2ms]
2023-12-02 22:18:11.485 [info] > git for-each-ref --format=%(refname)%00%(upstream:short)%00%(objectname)%00%(upstream:track)%00%(upstream:remotename)%00%(upstream:remoteref) refs/heads/main refs/remotes/main [1ms]
2023-12-02 22:18:11.491 [info] > git status -z -uall [2ms]
2023-12-02 22:18:11.942 [info] > git check-ignore -v -z --stdin [1ms]
2023-12-02 22:21:26.749 [info] > git config --get commit.template [5ms]
2023-12-02 22:21:26.749 [info] > git for-each-ref --format=%(refname)%00%(upstream:short)%00%(objectname)%00%(upstream:track)%00%(upstream:remotename)%00%(upstream:remoteref) refs/heads/main refs/remotes/main [2ms]
2023-12-02 22:21:26.755 [info] > git status -z -uall [1ms]
2023-12-02 22:21:46.949 [info] > git config --get commit.template [8ms]
2023-12-02 22:21:46.949 [info] > git for-each-ref --format=%(refname)%00%(upstream:short)%00%(objectname)%00%(upstream:track)%00%(upstream:remotename)%00%(upstream:remoteref) refs/heads/main refs/remotes/main [1ms]
2023-12-02 22:21:46.956 [info] > git status -z -uall [2ms]
2023-12-02 22:22:16.443 [info] > git check-ignore -v -z --stdin [1ms]
2023-12-02 22:23:31.285 [info] > git config --get commit.template [1ms]
2023-12-02 22:23:31.291 [info] > git for-each-ref --format=%(refname)%00%(upstream:short)%00%(objectname)%00%(upstream:track)%00%(upstream:remotename)%00%(upstream:remoteref) refs/heads/main refs/remotes/main [1ms]
2023-12-02 22:23:31.298 [info] > git status -z -uall [2ms]
2023-12-02 22:26:27.106 [info] > git config --get commit.template [1ms]
2023-12-02 22:26:27.112 [info] > git for-each-ref --format=%(refname)%00%(upstream:short)%00%(objectname)%00%(upstream:track)%00%(upstream:remotename)%00%(upstream:remoteref) refs/heads/main refs/remotes/main [1ms]
2023-12-02 22:26:27.118 [info] > git status -z -uall [2ms]
2023-12-02 22:32:34.061 [info] > git config --get commit.template [11ms]
2023-12-02 22:32:34.062 [info] > git for-each-ref --format=%(refname)%00%(upstream:short)%00%(objectname)%00%(upstream:track)%00%(upstream:remotename)%00%(upstream:remoteref) refs/heads/main refs/remotes/main [6ms]
2023-12-02 22:32:34.068 [info] > git status -z -uall [2ms]
2023-12-02 22:32:37.022 [info] > git check-ignore -v -z --stdin [1ms]
2023-12-02 22:32:39.081 [info] > git config --get commit.template [5ms]
2023-12-02 22:32:39.082 [info] > git for-each-ref --format=%(refname)%00%(upstream:short)%00%(objectname)%00%(upstream:track)%00%(upstream:remotename)%00%(upstream:remoteref) refs/heads/main refs/remotes/main [2ms]
2023-12-02 22:32:39.090 [info] > git status -z -uall [2ms]
2023-12-02 22:32:41.348 [info] > git show --textconv :package.json [8ms]
2023-12-02 22:32:41.351 [info] > git ls-files --stage -- /home/ahmed/Documents/ahmed/work/alaa_front/package.json [4ms]
2023-12-02 22:32:41.360 [info] > git cat-file -s 2f2d0f437d1321c814dbe9e2681b87ab02ca1725 [1ms]
2023-12-02 22:33:02.324 [info] > git config --get commit.template [1ms]
2023-12-02 22:33:02.330 [info] > git for-each-ref --format=%(refname)%00%(upstream:short)%00%(objectname)%00%(upstream:track)%00%(upstream:remotename)%00%(upstream:remoteref) refs/heads/main refs/remotes/main [1ms]
2023-12-02 22:33:02.338 [info] > git status -z -uall [2ms]
2023-12-02 22:33:28.021 [info] > git config --get commit.template [6ms]
2023-12-02 22:33:28.021 [info] > git for-each-ref --format=%(refname)%00%(upstream:short)%00%(objectname)%00%(upstream:track)%00%(upstream:remotename)%00%(upstream:remoteref) refs/heads/main refs/remotes/main [1ms]
2023-12-02 22:33:28.029 [info] > git status -z -uall [3ms]
2023-12-02 22:50:12.278 [info] > git config --get commit.template [10ms]
2023-12-02 22:50:12.278 [info] > git for-each-ref --format=%(refname)%00%(upstream:short)%00%(objectname)%00%(upstream:track)%00%(upstream:remotename)%00%(upstream:remoteref) refs/heads/main refs/remotes/main [2ms]
2023-12-02 22:50:12.289 [info] > git status -z -uall [2ms]
2023-12-02 22:50:17.324 [info] > git config --get commit.template [25ms]
2023-12-02 22:50:17.325 [info] > git for-each-ref --format=%(refname)%00%(upstream:short)%00%(objectname)%00%(upstream:track)%00%(upstream:remotename)%00%(upstream:remoteref) refs/heads/main refs/remotes/main [19ms]
2023-12-02 22:50:17.333 [info] > git status -z -uall [2ms]
2023-12-02 23:00:42.462 [warning] ENOENT: no such file or directory, open '/home/ahmed/Documents/ahmed/work/alaa_front/.git/HEAD'
2023-12-02 23:00:42.485 [warning] getRemotes() - ENOENT: no such file or directory, open '/home/ahmed/Documents/ahmed/work/alaa_front/.git/config'
2023-12-02 23:00:42.513 [warning] ENOENT: no such file or directory, open '/home/ahmed/Documents/ahmed/work/alaa_front/.git/HEAD'
2023-12-02 23:00:42.541 [warning] getRemotes() - ENOENT: no such file or directory, open '/home/ahmed/Documents/ahmed/work/alaa_front/.git/config'
