2023-12-03 13:15:49.966 [info] Log level: Info
2023-12-03 13:15:49.966 [info] Validating found git in: "git"
2023-12-03 13:15:49.966 [info] Using git "2.34.1" from "git"
2023-12-03 13:15:49.966 [info] > git rev-parse --show-toplevel [2ms]
2023-12-03 13:15:49.966 [info] > git rev-parse --git-dir --git-common-dir [0ms]
2023-12-03 13:15:49.966 [info] Open repository: /home/ahmed/Documents/ahmed/work/web/alaa_project/app
2023-12-03 13:15:49.981 [info] > git config --get commit.template [8ms]
2023-12-03 13:15:49.982 [info] > git rev-parse --show-toplevel [3ms]
2023-12-03 13:15:49.993 [info] > git for-each-ref --format=%(refname)%00%(upstream:short)%00%(objectname)%00%(upstream:track)%00%(upstream:remotename)%00%(upstream:remoteref) refs/heads/master refs/remotes/master [6ms]
2023-12-03 13:15:50.001 [info] > git rev-parse --show-toplevel [8ms]
2023-12-03 13:15:50.014 [info] > git rev-parse --show-toplevel [5ms]
2023-12-03 13:15:50.020 [info] > git status -z -uall [20ms]
2023-12-03 13:15:50.030 [info] > git rev-parse --show-toplevel [11ms]
2023-12-03 13:15:50.036 [info] > git config --get commit.template [7ms]
2023-12-03 13:15:50.038 [info] > git rev-parse --show-toplevel [3ms]
2023-12-03 13:15:50.089 [info] > git rev-parse --show-toplevel [38ms]
2023-12-03 13:15:50.090 [info] > git for-each-ref --format=%(refname)%00%(upstream:short)%00%(objectname)%00%(upstream:track)%00%(upstream:remotename)%00%(upstream:remoteref) refs/heads/master refs/remotes/master [45ms]
2023-12-03 13:15:50.117 [info] > git status -z -uall [21ms]
2023-12-03 13:15:50.498 [info] > git check-ignore -v -z --stdin [4ms]
2023-12-03 13:15:57.082 [info] > git check-ignore -v -z --stdin [2ms]
2023-12-03 13:16:01.733 [info] > git add -A -- . [30ms]
2023-12-03 13:16:02.126 [info] > git show --textconv :.git/COMMIT_EDITMSG [11ms]
2023-12-03 13:16:02.128 [info] > git ls-files --stage -- /home/ahmed/Documents/ahmed/work/web/alaa_project/app/.git/COMMIT_EDITMSG [2ms]
2023-12-03 13:16:02.444 [info] > git check-ignore -v -z --stdin [1ms]
2023-12-03 13:16:03.049 [info] > git ls-files --stage -- /home/ahmed/Documents/ahmed/work/web/alaa_project/app/.git/COMMIT_EDITMSG [1ms]
2023-12-03 13:16:03.059 [info] > git show --textconv :.git/COMMIT_EDITMSG [1ms]
2023-12-03 13:16:20.578 [info] > git -c user.useConfigOnly=true commit --quiet [18839ms]
2023-12-03 13:16:20.578 [info] Aborting commit due to empty commit message.
2023-12-03 13:16:20.598 [info] > git config --get commit.template [10ms]
2023-12-03 13:16:20.598 [info] > git for-each-ref --format=%(refname)%00%(upstream:short)%00%(objectname)%00%(upstream:track)%00%(upstream:remotename)%00%(upstream:remoteref) refs/heads/master refs/remotes/master [1ms]
2023-12-03 13:16:20.606 [info] > git status -z -uall [3ms]
2023-12-03 13:16:26.119 [info] > git show --textconv :package.json [28ms]
2023-12-03 13:16:26.119 [info] > git ls-files --stage -- /home/ahmed/Documents/ahmed/work/web/alaa_project/app/package.json [21ms]
2023-12-03 13:16:26.138 [info] > git cat-file -s aee169d3620f8e423ab9aa8fd5b0f0b4bebdf6fc [13ms]
2023-12-03 13:53:25.998 [info] > git config --get commit.template [12ms]
2023-12-03 13:53:26.016 [info] > git ls-files --stage -- /home/ahmed/Documents/ahmed/work/web/alaa_project/app/package.json [19ms]
2023-12-03 13:53:26.024 [info] > git for-each-ref --format=%(refname)%00%(upstream:short)%00%(objectname)%00%(upstream:track)%00%(upstream:remotename)%00%(upstream:remoteref) refs/heads/master refs/remotes/master [9ms]
2023-12-03 13:53:26.031 [info] > git cat-file -s aee169d3620f8e423ab9aa8fd5b0f0b4bebdf6fc [8ms]
2023-12-03 13:53:26.041 [info] > git status -z -uall [10ms]
2023-12-03 13:53:26.047 [info] > git show --textconv :package.json [7ms]
2023-12-03 15:33:50.270 [info] > git config --get commit.template [2ms]
2023-12-03 15:33:50.280 [info] > git for-each-ref --format=%(refname)%00%(upstream:short)%00%(objectname)%00%(upstream:track)%00%(upstream:remotename)%00%(upstream:remoteref) refs/heads/master refs/remotes/master [1ms]
2023-12-03 15:33:50.291 [info] > git status -z -uall [3ms]
2023-12-03 15:34:07.729 [info] > git show --textconv :README.md [13ms]
2023-12-03 15:34:07.735 [info] > git ls-files --stage -- /home/ahmed/Documents/ahmed/work/web/alaa_project/app/README.md [7ms]
2023-12-03 15:34:07.862 [info] > git cat-file -s b2706954dde70cc43fa33630b630c65ca861aad1 [114ms]
