2023-12-02 22:18:07.312 [info] Added views:workbench.panel.markers.view in workbench.panel.markers
2023-12-02 22:18:07.312 [info] Added views:workbench.panel.output in workbench.panel.output
2023-12-02 22:18:07.312 [info] Added views:terminal in terminal
2023-12-02 22:18:07.312 [info] Added views:outline in workbench.view.explorer
2023-12-02 22:18:07.312 [info] Added views:workbench.scm in workbench.view.scm
2023-12-02 22:18:07.312 [info] Added views:workbench.view.search in workbench.view.search
2023-12-02 22:18:07.312 [info] Added views:timeline in workbench.view.explorer
2023-12-02 22:18:07.312 [info] Added views:workbench.explorer.fileView in workbench.view.explorer
2023-12-02 22:18:07.694 [info] Added views:workbench.debug.variablesView,workbench.debug.watchExpressionsView,workbench.debug.callStackView,workbench.debug.breakPointsView in workbench.view.debug
2023-12-02 22:18:07.800 [info] Added views:~remote.forwardedPorts in ~remote.forwardedPortsContainer
2023-12-02 22:18:08.035 [info] Added views:workbench.panel.repl.view in workbench.panel.repl
2023-12-02 22:18:08.038 [info] Removed views:workbench.debug.breakPointsView,workbench.debug.callStackView,workbench.debug.watchExpressionsView,workbench.debug.variablesView from workbench.view.debug
2023-12-02 22:18:08.039 [info] Added views:workbench.debug.welcome in workbench.view.debug
2023-12-02 22:18:19.732 [info] Added views:workbench.views.extensions.installed,workbench.views.extensions.popular,extensions.recommendedList in workbench.view.extensions
2023-12-02 22:18:19.733 [info] Removed views:workbench.views.extensions.popular from workbench.view.extensions
2023-12-02 22:18:19.956 [info] Added views:workbench.views.extensions.popular in workbench.view.extensions
2023-12-02 22:19:27.457 [info] Removed views:extensions.recommendedList,workbench.views.extensions.popular,workbench.views.extensions.installed from workbench.view.extensions
2023-12-02 22:19:27.467 [info] Added views:workbench.views.extensions.marketplace in workbench.view.extensions
2023-12-02 22:19:49.628 [info] Removed views:workbench.views.extensions.marketplace from workbench.view.extensions
2023-12-02 22:19:49.647 [info] Added views:workbench.views.extensions.installed,workbench.views.extensions.popular,extensions.recommendedList in workbench.view.extensions
2023-12-02 22:19:51.214 [info] Removed views:extensions.recommendedList,workbench.views.extensions.popular,workbench.views.extensions.installed from workbench.view.extensions
2023-12-02 22:19:51.222 [info] Added views:workbench.views.extensions.marketplace in workbench.view.extensions
2023-12-02 22:19:52.420 [info] Removed views:workbench.views.extensions.marketplace from workbench.view.extensions
2023-12-02 22:19:52.431 [info] Added views:workbench.views.extensions.installed,workbench.views.extensions.popular,extensions.recommendedList in workbench.view.extensions
2023-12-02 22:19:53.891 [info] Removed views:extensions.recommendedList,workbench.views.extensions.popular,workbench.views.extensions.installed from workbench.view.extensions
2023-12-02 22:19:53.896 [info] Added views:workbench.views.extensions.marketplace in workbench.view.extensions
2023-12-02 22:20:08.348 [info] Removed views:workbench.views.extensions.marketplace from workbench.view.extensions
2023-12-02 22:20:08.359 [info] Added views:workbench.views.extensions.installed,workbench.views.extensions.popular,extensions.recommendedList in workbench.view.extensions
