2023-12-03 15:35:16.041 [info] Log level: Info
2023-12-03 15:35:16.041 [info] Validating found git in: "git"
2023-12-03 15:35:16.041 [info] Using git "2.34.1" from "git"
2023-12-03 15:35:16.041 [info] > git rev-parse --show-toplevel [7ms]
2023-12-03 15:35:16.042 [info] > git rev-parse --git-dir --git-common-dir [2ms]
2023-12-03 15:35:16.052 [info] Open repository: /home/ahmed/Documents/ahmed/work/web/hiba_nadine_project/dashboard
2023-12-03 15:35:16.080 [info] > git config --get commit.template [13ms]
2023-12-03 15:35:16.084 [info] > git rev-parse --show-toplevel [5ms]
2023-12-03 15:35:16.107 [info] > git for-each-ref --format=%(refname)%00%(upstream:short)%00%(objectname)%00%(upstream:track)%00%(upstream:remotename)%00%(upstream:remoteref) refs/heads/main refs/remotes/main [12ms]
2023-12-03 15:35:16.121 [info] > git rev-parse --show-toplevel [15ms]
2023-12-03 15:35:16.150 [info] > git status -z -uall [31ms]
2023-12-03 15:35:16.179 [info] > git config --get commit.template [3ms]
2023-12-03 15:35:16.214 [info] > git for-each-ref --format=%(refname)%00%(upstream:short)%00%(objectname)%00%(upstream:track)%00%(upstream:remotename)%00%(upstream:remoteref) refs/heads/main refs/remotes/main [22ms]
2023-12-03 15:35:16.253 [info] > git status -z -uall [28ms]
2023-12-03 15:35:16.594 [info] > git check-ignore -v -z --stdin [2ms]
2023-12-03 15:35:17.264 [info] > git check-ignore -v -z --stdin [1ms]
2023-12-03 15:35:17.563 [info] > git config --get commit.template [7ms]
2023-12-03 15:35:17.563 [info] > git for-each-ref --format=%(refname)%00%(upstream:short)%00%(objectname)%00%(upstream:track)%00%(upstream:remotename)%00%(upstream:remoteref) refs/heads/main refs/remotes/main [2ms]
2023-12-03 15:35:17.583 [info] > git status -z -uall [13ms]
2023-12-03 15:36:44.214 [info] > git show --textconv :README.md [10ms]
2023-12-03 15:36:44.216 [info] > git ls-files --stage -- /home/ahmed/Documents/ahmed/work/web/hiba_nadine_project/dashboard/README.md [2ms]
2023-12-03 15:36:44.226 [info] > git cat-file -s 3d9262252526595f3dfeed973271a66d5a885600 [1ms]
2023-12-03 15:36:51.126 [info] > git show --textconv :package.json [9ms]
2023-12-03 15:36:51.135 [info] > git ls-files --stage -- /home/ahmed/Documents/ahmed/work/web/hiba_nadine_project/dashboard/package.json [10ms]
2023-12-03 15:36:51.145 [info] > git cat-file -s 0bab6767791b4127de21264d2a1e19b71e22e40f [3ms]
2023-12-03 15:37:14.607 [info] > git show --textconv :.npmrc [11ms]
2023-12-03 15:37:14.608 [info] > git ls-files --stage -- /home/ahmed/Documents/ahmed/work/web/hiba_nadine_project/dashboard/.npmrc [2ms]
2023-12-03 15:37:14.619 [info] > git cat-file -s 9779aeb695e53ec54234d0cf07222d59f2c7d41a [1ms]
2023-12-03 15:37:21.744 [info] > git config --get commit.template [1ms]
2023-12-03 15:37:21.752 [info] > git for-each-ref --format=%(refname)%00%(upstream:short)%00%(objectname)%00%(upstream:track)%00%(upstream:remotename)%00%(upstream:remoteref) refs/heads/main refs/remotes/main [1ms]
2023-12-03 15:37:21.771 [info] > git status -z -uall [13ms]
2023-12-03 15:37:21.848 [info] > git ls-files --stage -- /home/ahmed/Documents/ahmed/work/web/hiba_nadine_project/dashboard/.npmrc [2ms]
2023-12-03 15:37:21.856 [info] > git cat-file -s 9779aeb695e53ec54234d0cf07222d59f2c7d41a [1ms]
2023-12-03 15:37:21.866 [info] > git show --textconv :.npmrc [1ms]
2023-12-03 18:18:58.735 [info] > git config --get commit.template [11ms]
2023-12-03 18:18:58.739 [info] > git for-each-ref --format=%(refname)%00%(upstream:short)%00%(objectname)%00%(upstream:track)%00%(upstream:remotename)%00%(upstream:remoteref) refs/heads/main refs/remotes/main [4ms]
2023-12-03 18:18:58.772 [info] > git status -z -uall [25ms]
2023-12-03 18:21:32.566 [info] > git config --get commit.template [5ms]
2023-12-03 18:21:32.578 [info] > git for-each-ref --format=%(refname)%00%(upstream:short)%00%(objectname)%00%(upstream:track)%00%(upstream:remotename)%00%(upstream:remoteref) refs/heads/main refs/remotes/main [2ms]
2023-12-03 18:21:32.605 [info] > git status -z -uall [17ms]
2023-12-03 18:21:42.723 [info] > git show --textconv :README.md [11ms]
2023-12-03 18:21:42.725 [info] > git ls-files --stage -- /home/ahmed/Documents/ahmed/work/web/hiba_nadine_project/dashboard/README.md [3ms]
2023-12-03 18:21:42.738 [info] > git cat-file -s 3d9262252526595f3dfeed973271a66d5a885600 [2ms]
2023-12-03 18:21:57.951 [info] > git config --get commit.template [8ms]
2023-12-03 18:21:57.952 [info] > git for-each-ref --format=%(refname)%00%(upstream:short)%00%(objectname)%00%(upstream:track)%00%(upstream:remotename)%00%(upstream:remoteref) refs/heads/main refs/remotes/main [1ms]
2023-12-03 18:21:57.977 [info] > git status -z -uall [17ms]
2023-12-03 18:21:59.014 [info] > git show --textconv :package.json [13ms]
2023-12-03 18:21:59.014 [info] > git ls-files --stage -- /home/ahmed/Documents/ahmed/work/web/hiba_nadine_project/dashboard/package.json [5ms]
2023-12-03 18:21:59.029 [info] > git cat-file -s 0bab6767791b4127de21264d2a1e19b71e22e40f [2ms]
2023-12-03 18:22:01.311 [info] > git show --textconv :package-lock.json [19ms]
2023-12-03 18:22:01.313 [info] > git ls-files --stage -- /home/ahmed/Documents/ahmed/work/web/hiba_nadine_project/dashboard/package-lock.json [3ms]
2023-12-03 18:22:41.414 [info] > git config --get commit.template [1ms]
2023-12-03 18:22:41.427 [info] > git for-each-ref --format=%(refname)%00%(upstream:short)%00%(objectname)%00%(upstream:track)%00%(upstream:remotename)%00%(upstream:remoteref) refs/heads/main refs/remotes/main [2ms]
2023-12-03 18:22:41.464 [info] > git status -z -uall [25ms]
2023-12-03 18:22:46.495 [info] > git config --get commit.template [14ms]
2023-12-03 18:22:46.496 [info] > git for-each-ref --format=%(refname)%00%(upstream:short)%00%(objectname)%00%(upstream:track)%00%(upstream:remotename)%00%(upstream:remoteref) refs/heads/main refs/remotes/main [3ms]
2023-12-03 18:22:46.530 [info] > git status -z -uall [20ms]
2023-12-03 18:22:51.558 [info] > git config --get commit.template [13ms]
2023-12-03 18:22:51.559 [info] > git for-each-ref --format=%(refname)%00%(upstream:short)%00%(objectname)%00%(upstream:track)%00%(upstream:remotename)%00%(upstream:remoteref) refs/heads/main refs/remotes/main [2ms]
2023-12-03 18:22:51.593 [info] > git status -z -uall [24ms]
2023-12-03 18:22:56.624 [info] > git config --get commit.template [14ms]
2023-12-03 18:22:56.626 [info] > git for-each-ref --format=%(refname)%00%(upstream:short)%00%(objectname)%00%(upstream:track)%00%(upstream:remotename)%00%(upstream:remoteref) refs/heads/main refs/remotes/main [2ms]
2023-12-03 18:22:56.658 [info] > git status -z -uall [21ms]
2023-12-03 18:23:01.686 [info] > git config --get commit.template [12ms]
2023-12-03 18:23:01.686 [info] > git for-each-ref --format=%(refname)%00%(upstream:short)%00%(objectname)%00%(upstream:track)%00%(upstream:remotename)%00%(upstream:remoteref) refs/heads/main refs/remotes/main [1ms]
2023-12-03 18:23:01.711 [info] > git status -z -uall [15ms]
2023-12-03 18:23:06.728 [info] > git config --get commit.template [2ms]
2023-12-03 18:23:06.739 [info] > git for-each-ref --format=%(refname)%00%(upstream:short)%00%(objectname)%00%(upstream:track)%00%(upstream:remotename)%00%(upstream:remoteref) refs/heads/main refs/remotes/main [1ms]
2023-12-03 18:23:06.766 [info] > git status -z -uall [17ms]
2023-12-03 18:23:11.783 [info] > git config --get commit.template [2ms]
2023-12-03 18:23:11.795 [info] > git for-each-ref --format=%(refname)%00%(upstream:short)%00%(objectname)%00%(upstream:track)%00%(upstream:remotename)%00%(upstream:remoteref) refs/heads/main refs/remotes/main [1ms]
2023-12-03 18:23:11.832 [info] > git status -z -uall [25ms]
2023-12-03 18:23:16.862 [info] > git config --get commit.template [15ms]
2023-12-03 18:23:16.863 [info] > git for-each-ref --format=%(refname)%00%(upstream:short)%00%(objectname)%00%(upstream:track)%00%(upstream:remotename)%00%(upstream:remoteref) refs/heads/main refs/remotes/main [2ms]
2023-12-03 18:23:16.891 [info] > git status -z -uall [18ms]
2023-12-03 18:23:22.386 [info] > git show --textconv :package.json [13ms]
2023-12-03 18:23:22.387 [info] > git ls-files --stage -- /home/ahmed/Documents/ahmed/work/web/hiba_nadine_project/dashboard/package.json [2ms]
2023-12-03 18:23:22.402 [info] > git cat-file -s 0bab6767791b4127de21264d2a1e19b71e22e40f [2ms]
2023-12-03 18:23:32.463 [info] > git config --get commit.template [13ms]
2023-12-03 18:23:32.464 [info] > git for-each-ref --format=%(refname)%00%(upstream:short)%00%(objectname)%00%(upstream:track)%00%(upstream:remotename)%00%(upstream:remoteref) refs/heads/main refs/remotes/main [2ms]
2023-12-03 18:23:32.498 [info] > git status -z -uall [23ms]
2023-12-03 18:23:37.520 [info] > git config --get commit.template [11ms]
2023-12-03 18:23:37.521 [info] > git for-each-ref --format=%(refname)%00%(upstream:short)%00%(objectname)%00%(upstream:track)%00%(upstream:remotename)%00%(upstream:remoteref) refs/heads/main refs/remotes/main [1ms]
2023-12-03 18:23:37.545 [info] > git status -z -uall [15ms]
2023-12-03 18:23:42.579 [info] > git config --get commit.template [15ms]
2023-12-03 18:23:42.581 [info] > git for-each-ref --format=%(refname)%00%(upstream:short)%00%(objectname)%00%(upstream:track)%00%(upstream:remotename)%00%(upstream:remoteref) refs/heads/main refs/remotes/main [3ms]
2023-12-03 18:23:42.611 [info] > git status -z -uall [17ms]
2023-12-03 18:23:47.639 [info] > git config --get commit.template [13ms]
2023-12-03 18:23:47.640 [info] > git for-each-ref --format=%(refname)%00%(upstream:short)%00%(objectname)%00%(upstream:track)%00%(upstream:remotename)%00%(upstream:remoteref) refs/heads/main refs/remotes/main [2ms]
2023-12-03 18:23:47.675 [info] > git status -z -uall [24ms]
2023-12-03 18:23:56.541 [info] > git config --get commit.template [5ms]
2023-12-03 18:23:56.553 [info] > git for-each-ref --format=%(refname)%00%(upstream:short)%00%(objectname)%00%(upstream:track)%00%(upstream:remotename)%00%(upstream:remoteref) refs/heads/main refs/remotes/main [2ms]
2023-12-03 18:23:56.587 [info] > git status -z -uall [24ms]
2023-12-03 18:24:01.606 [info] > git config --get commit.template [2ms]
2023-12-03 18:24:01.622 [info] > git for-each-ref --format=%(refname)%00%(upstream:short)%00%(objectname)%00%(upstream:track)%00%(upstream:remotename)%00%(upstream:remoteref) refs/heads/main refs/remotes/main [2ms]
2023-12-03 18:24:01.650 [info] > git status -z -uall [18ms]
2023-12-03 20:36:38.076 [info] > git config --get commit.template [19ms]
2023-12-03 20:36:38.077 [info] > git for-each-ref --format=%(refname)%00%(upstream:short)%00%(objectname)%00%(upstream:track)%00%(upstream:remotename)%00%(upstream:remoteref) refs/heads/main refs/remotes/main [1ms]
2023-12-03 20:36:38.087 [info] > git ls-files --stage -- /home/ahmed/Documents/ahmed/work/web/hiba_nadine_project/dashboard/package.json [19ms]
2023-12-03 20:36:38.100 [info] > git cat-file -s 0bab6767791b4127de21264d2a1e19b71e22e40f [1ms]
2023-12-03 20:36:38.110 [info] > git status -z -uall [24ms]
2023-12-03 20:36:38.113 [info] > git show --textconv :package.json [4ms]
2023-12-05 00:01:08.268 [info] > git show --textconv :package.json [12ms]
2023-12-05 00:01:08.269 [info] > git ls-files --stage -- /home/ahmed/Documents/ahmed/work/web/hiba_nadine_project/dashboard/package.json [3ms]
2023-12-05 00:01:08.280 [info] > git cat-file -s 0bab6767791b4127de21264d2a1e19b71e22e40f [1ms]
2023-12-05 00:01:16.058 [info] > git check-ignore -v -z --stdin [2ms]
2023-12-05 00:01:20.746 [info] > git check-ignore -v -z --stdin [2ms]
2023-12-05 00:01:25.017 [info] > git check-ignore -v -z --stdin [1ms]
2023-12-05 00:01:26.117 [info] > git show --textconv :src/components/VuiAlert/VuiAlertCloseIcon.js [15ms]
2023-12-05 00:01:26.119 [info] > git ls-files --stage -- /home/ahmed/Documents/ahmed/work/web/hiba_nadine_project/dashboard/src/components/VuiAlert/VuiAlertCloseIcon.js [3ms]
2023-12-05 00:01:26.133 [info] > git cat-file -s 2190582bde225ee759c6d060fb558f467c6bf37c [2ms]
2023-12-05 00:01:42.329 [info] > git for-each-ref --format=%(refname)%00%(upstream:short)%00%(objectname)%00%(upstream:track)%00%(upstream:remotename)%00%(upstream:remoteref) refs/heads/main refs/remotes/main [6ms]
2023-12-05 00:01:42.329 [info] > git config --get commit.template [24ms]
2023-12-05 00:01:42.374 [info] > git status -z -uall [33ms]
2023-12-05 00:01:49.881 [info] > git config --get commit.template [11ms]
2023-12-05 00:01:49.882 [info] > git for-each-ref --format=%(refname)%00%(upstream:short)%00%(objectname)%00%(upstream:track)%00%(upstream:remotename)%00%(upstream:remoteref) refs/heads/main refs/remotes/main [1ms]
2023-12-05 00:01:49.904 [info] > git status -z -uall [14ms]
2023-12-05 00:01:54.932 [info] > git config --get commit.template [16ms]
2023-12-05 00:01:54.933 [info] > git for-each-ref --format=%(refname)%00%(upstream:short)%00%(objectname)%00%(upstream:track)%00%(upstream:remotename)%00%(upstream:remoteref) refs/heads/main refs/remotes/main [1ms]
2023-12-05 00:01:54.956 [info] > git status -z -uall [13ms]
2023-12-05 00:01:59.980 [info] > git config --get commit.template [11ms]
2023-12-05 00:01:59.981 [info] > git for-each-ref --format=%(refname)%00%(upstream:short)%00%(objectname)%00%(upstream:track)%00%(upstream:remotename)%00%(upstream:remoteref) refs/heads/main refs/remotes/main [1ms]
2023-12-05 00:02:00.004 [info] > git status -z -uall [13ms]
2023-12-05 00:02:05.026 [info] > git config --get commit.template [10ms]
2023-12-05 00:02:05.027 [info] > git for-each-ref --format=%(refname)%00%(upstream:short)%00%(objectname)%00%(upstream:track)%00%(upstream:remotename)%00%(upstream:remoteref) refs/heads/main refs/remotes/main [2ms]
2023-12-05 00:02:05.049 [info] > git status -z -uall [12ms]
2023-12-05 00:02:15.235 [info] > git config --get commit.template [12ms]
2023-12-05 00:02:15.236 [info] > git for-each-ref --format=%(refname)%00%(upstream:short)%00%(objectname)%00%(upstream:track)%00%(upstream:remotename)%00%(upstream:remoteref) refs/heads/main refs/remotes/main [2ms]
2023-12-05 00:02:15.257 [info] > git status -z -uall [13ms]
2023-12-05 00:02:20.284 [info] > git config --get commit.template [13ms]
2023-12-05 00:02:20.285 [info] > git for-each-ref --format=%(refname)%00%(upstream:short)%00%(objectname)%00%(upstream:track)%00%(upstream:remotename)%00%(upstream:remoteref) refs/heads/main refs/remotes/main [2ms]
2023-12-05 00:02:20.306 [info] > git status -z -uall [12ms]
2023-12-05 00:17:38.750 [info] > git config --get commit.template [11ms]
2023-12-05 00:17:38.751 [info] > git for-each-ref --format=%(refname)%00%(upstream:short)%00%(objectname)%00%(upstream:track)%00%(upstream:remotename)%00%(upstream:remoteref) refs/heads/main refs/remotes/main [1ms]
2023-12-05 00:17:38.782 [info] > git status -z -uall [22ms]
