2023-12-03 13:15:49.864 [info] Configuration changed
2023-12-03 13:15:56.527 [info] Configuration changed
2023-12-03 13:16:01.899 [info] Active editor: file:///home/ahmed/Documents/ahmed/work/web/alaa_project/app/.git/COMMIT_EDITMSG
2023-12-03 13:16:20.577 [info] /home/ahmed/Documents/ahmed/work/web/alaa_project/app/.git/COMMIT_EDITMSG.git closed
2023-12-03 13:16:25.854 [info] Active editor: file:///home/ahmed/Documents/ahmed/work/web/alaa_project/app/package.json
2023-12-03 13:19:01.894 [info] /home/ahmed/Documents/ahmed/work/web/alaa_project/app/.git/COMMIT_EDITMSG closed
2023-12-03 13:19:26.095 [info] /vscode-extensions closed
2023-12-03 13:19:26.190 [info] /settings/configurationDefaults closed
2023-12-03 13:19:26.285 [info] /settings/resourceLanguage closed
2023-12-03 13:19:26.323 [info] /launch closed
2023-12-03 13:19:26.328 [info] /token-styling closed
2023-12-03 13:19:26.330 [info] /textmate-colors closed
2023-12-03 13:19:26.335 [info] /workbench-colors closed
2023-12-03 13:22:26.112 [info] /vscode-extensions closed
2023-12-03 13:22:26.239 [info] /settings/configurationDefaults closed
2023-12-03 13:22:26.438 [info] /settings/resourceLanguage closed
2023-12-03 13:22:26.488 [info] /launch closed
2023-12-03 13:22:26.489 [info] /token-styling closed
2023-12-03 13:22:26.490 [info] /textmate-colors closed
2023-12-03 13:22:26.491 [info] /workbench-colors closed
2023-12-03 13:25:26.159 [info] /vscode-extensions closed
2023-12-03 13:25:26.305 [info] /settings/configurationDefaults closed
2023-12-03 13:25:26.521 [info] /settings/resourceLanguage closed
2023-12-03 13:25:26.722 [info] /launch closed
2023-12-03 13:25:26.727 [info] /token-styling closed
2023-12-03 13:25:26.728 [info] /textmate-colors closed
2023-12-03 13:25:26.734 [info] /workbench-colors closed
2023-12-03 13:28:26.198 [info] /vscode-extensions closed
2023-12-03 13:28:26.342 [info] /settings/configurationDefaults closed
2023-12-03 13:28:26.575 [info] /settings/resourceLanguage closed
2023-12-03 13:28:26.812 [info] /launch closed
2023-12-03 13:28:26.816 [info] /token-styling closed
2023-12-03 13:28:26.817 [info] /textmate-colors closed
2023-12-03 13:28:26.822 [info] /workbench-colors closed
2023-12-03 13:31:26.231 [info] /vscode-extensions closed
2023-12-03 13:31:26.375 [info] /settings/configurationDefaults closed
2023-12-03 13:31:26.614 [info] /settings/resourceLanguage closed
2023-12-03 13:31:26.925 [info] /launch closed
2023-12-03 13:31:26.930 [info] /token-styling closed
2023-12-03 13:31:26.931 [info] /textmate-colors closed
2023-12-03 13:31:26.934 [info] /workbench-colors closed
2023-12-03 13:34:26.280 [info] /vscode-extensions closed
2023-12-03 13:34:26.440 [info] /settings/configurationDefaults closed
2023-12-03 13:34:26.699 [info] /settings/resourceLanguage closed
2023-12-03 13:34:27.033 [info] /launch closed
2023-12-03 13:34:27.039 [info] /token-styling closed
2023-12-03 13:34:27.040 [info] /textmate-colors closed
2023-12-03 13:34:27.044 [info] /workbench-colors closed
2023-12-03 13:37:26.319 [info] /vscode-extensions closed
2023-12-03 13:37:26.499 [info] /settings/configurationDefaults closed
2023-12-03 13:37:26.747 [info] /settings/resourceLanguage closed
2023-12-03 13:37:27.144 [info] /launch closed
2023-12-03 13:37:27.146 [info] /token-styling closed
2023-12-03 13:37:27.150 [info] /textmate-colors closed
2023-12-03 13:37:27.151 [info] /workbench-colors closed
2023-12-03 13:40:26.363 [info] /vscode-extensions closed
2023-12-03 13:40:26.571 [info] /settings/configurationDefaults closed
2023-12-03 13:40:26.836 [info] /settings/resourceLanguage closed
2023-12-03 13:40:27.288 [info] /launch closed
2023-12-03 13:40:27.329 [info] /token-styling closed
2023-12-03 13:40:27.332 [info] /textmate-colors closed
2023-12-03 13:40:27.340 [info] /workbench-colors closed
2023-12-03 13:43:26.412 [info] /vscode-extensions closed
2023-12-03 13:43:26.623 [info] /settings/configurationDefaults closed
2023-12-03 13:43:26.896 [info] /settings/resourceLanguage closed
2023-12-03 13:43:27.394 [info] /launch closed
2023-12-03 13:43:27.613 [info] /token-styling closed
2023-12-03 13:43:27.614 [info] /textmate-colors closed
2023-12-03 13:43:27.621 [info] /workbench-colors closed
2023-12-03 13:46:26.446 [info] /vscode-extensions closed
2023-12-03 13:46:26.681 [info] /settings/configurationDefaults closed
2023-12-03 13:46:26.943 [info] /settings/resourceLanguage closed
2023-12-03 13:46:27.492 [info] /launch closed
2023-12-03 13:46:27.673 [info] /token-styling closed
2023-12-03 13:46:27.673 [info] /textmate-colors closed
2023-12-03 13:46:27.678 [info] /workbench-colors closed
2023-12-03 13:49:26.480 [info] /vscode-extensions closed
2023-12-03 13:49:26.719 [info] /settings/configurationDefaults closed
2023-12-03 13:49:26.995 [info] /settings/resourceLanguage closed
2023-12-03 13:49:27.595 [info] /launch closed
2023-12-03 13:49:27.769 [info] /token-styling closed
2023-12-03 13:49:27.770 [info] /textmate-colors closed
2023-12-03 13:49:27.785 [info] /workbench-colors closed
2023-12-03 13:52:26.513 [info] /vscode-extensions closed
2023-12-03 13:52:26.759 [info] /settings/configurationDefaults closed
2023-12-03 13:52:27.047 [info] /settings/resourceLanguage closed
2023-12-03 13:52:27.708 [info] /launch closed
2023-12-03 13:52:27.862 [info] /token-styling closed
2023-12-03 13:52:27.863 [info] /textmate-colors closed
2023-12-03 13:52:27.868 [info] /workbench-colors closed
2023-12-03 13:55:26.557 [info] /vscode-extensions closed
2023-12-03 13:55:26.796 [info] /settings/configurationDefaults closed
2023-12-03 13:55:27.087 [info] /settings/resourceLanguage closed
2023-12-03 13:55:27.805 [info] /launch closed
2023-12-03 13:55:27.971 [info] /token-styling closed
2023-12-03 13:55:27.971 [info] /textmate-colors closed
2023-12-03 13:55:27.977 [info] /workbench-colors closed
2023-12-03 15:18:11.892 [info] /vscode-extensions closed
2023-12-03 15:18:12.145 [info] /settings/configurationDefaults closed
2023-12-03 15:18:12.431 [info] /settings/resourceLanguage closed
2023-12-03 15:18:13.209 [info] /launch closed
2023-12-03 15:18:13.424 [info] /token-styling closed
2023-12-03 15:18:13.424 [info] /textmate-colors closed
2023-12-03 15:18:13.424 [info] /workbench-colors closed
2023-12-03 15:21:11.926 [info] /vscode-extensions closed
2023-12-03 15:21:12.181 [info] /settings/configurationDefaults closed
2023-12-03 15:21:12.478 [info] /settings/resourceLanguage closed
2023-12-03 15:21:13.363 [info] /launch closed
2023-12-03 15:21:13.597 [info] /token-styling closed
2023-12-03 15:21:13.600 [info] /textmate-colors closed
2023-12-03 15:21:13.607 [info] /workbench-colors closed
2023-12-03 15:24:11.970 [info] /vscode-extensions closed
2023-12-03 15:24:12.243 [info] /settings/configurationDefaults closed
2023-12-03 15:24:12.526 [info] /settings/resourceLanguage closed
2023-12-03 15:24:13.520 [info] /launch closed
2023-12-03 15:24:13.732 [info] /token-styling closed
2023-12-03 15:24:13.735 [info] /textmate-colors closed
2023-12-03 15:24:13.736 [info] /workbench-colors closed
2023-12-03 15:27:12.020 [info] /vscode-extensions closed
2023-12-03 15:27:12.292 [info] /settings/configurationDefaults closed
2023-12-03 15:27:12.585 [info] /settings/resourceLanguage closed
2023-12-03 15:27:13.693 [info] /launch closed
2023-12-03 15:27:13.875 [info] /token-styling closed
2023-12-03 15:27:13.876 [info] /textmate-colors closed
2023-12-03 15:27:13.883 [info] /workbench-colors closed
2023-12-03 15:30:12.064 [info] /vscode-extensions closed
2023-12-03 15:30:12.330 [info] /settings/configurationDefaults closed
2023-12-03 15:30:12.631 [info] /settings/resourceLanguage closed
2023-12-03 15:30:13.777 [info] /launch closed
2023-12-03 15:30:13.921 [info] /token-styling closed
2023-12-03 15:30:13.921 [info] /textmate-colors closed
2023-12-03 15:30:13.926 [info] /workbench-colors closed
2023-12-03 15:33:12.096 [info] /vscode-extensions closed
2023-12-03 15:33:12.365 [info] /settings/configurationDefaults closed
2023-12-03 15:33:12.672 [info] /settings/resourceLanguage closed
2023-12-03 15:33:13.863 [info] /launch closed
2023-12-03 15:33:14.039 [info] /token-styling closed
2023-12-03 15:33:14.039 [info] /textmate-colors closed
2023-12-03 15:33:14.040 [info] /workbench-colors closed
2023-12-03 15:34:06.935 [info] /home/ahmed/Documents/ahmed/work/web/alaa_project/app/package.json closed
2023-12-03 15:34:06.972 [info] Active editor: file:///home/ahmed/Documents/ahmed/work/web/alaa_project/app/README.md
2023-12-03 15:34:06.984 [info] /home/ahmed/Documents/ahmed/work/web/alaa_project/app/package.json.git closed
2023-12-03 15:34:15.669 [info] /home/ahmed/Documents/ahmed/work/web/alaa_project/app/README.md closed
2023-12-03 15:34:15.669 [info] /home/ahmed/Documents/ahmed/work/web/alaa_project/app/README.md.git closed
