2023-12-10 16:03:20.044 [info] Configuration changed
2023-12-10 16:03:20.151 [info] Configuration changed
2023-12-10 16:03:57.578 [info] Active editor: file:///home/ahmed/Documents/ahmed/work/web/alaa_project/alaa_back/server.js
2023-12-10 16:04:46.451 [info] /home/ahmed/Documents/ahmed/work/web/alaa_project/alaa_back/server.js closed
2023-12-10 16:04:46.459 [info] Active editor: file:///home/ahmed/Documents/ahmed/work/web/alaa_project/alaa_back/package.json
2023-12-10 16:04:46.467 [info] /home/ahmed/Documents/ahmed/work/web/alaa_project/alaa_back/server.js.git closed
2023-12-10 16:06:45.508 [info] Active editor: file:///home/ahmed/Documents/ahmed/work/web/alaa_project/alaa_back/server.js
2023-12-10 16:06:45.527 [info] /home/ahmed/Documents/ahmed/work/web/alaa_project/alaa_back/package.json.git closed
2023-12-10 16:07:46.514 [info] /vscode-extensions closed
2023-12-10 16:07:46.578 [info] /settings/configurationDefaults closed
2023-12-10 16:07:46.652 [info] /settings/resourceLanguage closed
2023-12-10 16:07:46.705 [info] /launch closed
2023-12-10 16:07:46.722 [info] /token-styling closed
2023-12-10 16:07:46.723 [info] /textmate-colors closed
2023-12-10 16:07:46.724 [info] /workbench-colors closed
2023-12-10 16:07:52.765 [info] Active editor: file:///home/ahmed/Documents/ahmed/work/web/alaa_project/alaa_back/package.json
2023-12-10 16:07:52.775 [info] /home/ahmed/Documents/ahmed/work/web/alaa_project/alaa_back/server.js.git closed
2023-12-10 16:10:05.744 [info] Active editor: file:///home/ahmed/Documents/ahmed/work/web/alaa_project/alaa_back/server.js
2023-12-10 16:10:05.755 [info] /home/ahmed/Documents/ahmed/work/web/alaa_project/alaa_back/package.json.git closed
2023-12-10 16:10:14.959 [info] Active editor: file:///home/ahmed/Documents/ahmed/work/web/alaa_project/alaa_back/package.json
2023-12-10 16:10:14.965 [info] /home/ahmed/Documents/ahmed/work/web/alaa_project/alaa_back/server.js.git closed
2023-12-10 16:10:40.710 [info] Active editor: file:///home/ahmed/Documents/ahmed/work/web/alaa_project/alaa_back/server.js
2023-12-10 16:10:40.716 [info] /home/ahmed/Documents/ahmed/work/web/alaa_project/alaa_back/package.json.git closed
2023-12-10 16:10:46.533 [info] /vscode-extensions closed
2023-12-10 16:10:46.618 [info] /settings/configurationDefaults closed
2023-12-10 16:10:46.779 [info] /settings/resourceLanguage closed
2023-12-10 16:10:46.814 [info] /launch closed
2023-12-10 16:10:46.814 [info] /token-styling closed
2023-12-10 16:10:46.815 [info] /textmate-colors closed
2023-12-10 16:10:46.818 [info] /workbench-colors closed
2023-12-10 16:11:20.998 [info] Active editor: file:///home/ahmed/Documents/ahmed/work/web/alaa_project/alaa_back/.env
2023-12-10 16:11:21.010 [info] /home/ahmed/Documents/ahmed/work/web/alaa_project/alaa_back/server.js.git closed
2023-12-10 16:13:46.552 [info] /vscode-extensions closed
2023-12-10 16:13:46.663 [info] /settings/configurationDefaults closed
2023-12-10 16:13:46.813 [info] /settings/resourceLanguage closed
2023-12-10 16:13:46.915 [info] /launch closed
2023-12-10 16:13:46.916 [info] /token-styling closed
2023-12-10 16:13:46.920 [info] /textmate-colors closed
2023-12-10 16:13:46.920 [info] /workbench-colors closed
2023-12-10 16:14:04.596 [info] Active editor: file:///home/ahmed/Documents/ahmed/work/web/alaa_project/alaa_back/server.js
2023-12-10 16:14:04.603 [info] /home/ahmed/Documents/ahmed/work/web/alaa_project/alaa_back/.env.git closed
2023-12-10 16:14:20.715 [info] Active editor: file:///home/ahmed/Documents/ahmed/work/web/alaa_project/alaa_back/config/dbConnect.js
2023-12-10 16:14:20.728 [info] /home/ahmed/Documents/ahmed/work/web/alaa_project/alaa_back/server.js.git closed
2023-12-10 16:14:28.324 [info] Active editor: file:///home/ahmed/Documents/ahmed/work/web/alaa_project/alaa_back/.env
2023-12-10 16:14:28.331 [info] /home/ahmed/Documents/ahmed/work/web/alaa_project/alaa_back/config/dbConnect.js.git closed
2023-12-10 16:16:46.599 [info] /vscode-extensions closed
2023-12-10 16:16:46.718 [info] /settings/configurationDefaults closed
2023-12-10 16:16:46.872 [info] /settings/resourceLanguage closed
2023-12-10 16:16:46.999 [info] /launch closed
2023-12-10 16:16:47.000 [info] /token-styling closed
2023-12-10 16:16:47.002 [info] /textmate-colors closed
2023-12-10 16:16:47.003 [info] /workbench-colors closed
2023-12-10 16:19:46.635 [info] /vscode-extensions closed
2023-12-10 16:19:46.759 [info] /settings/configurationDefaults closed
2023-12-10 16:19:46.905 [info] /settings/resourceLanguage closed
2023-12-10 16:19:47.077 [info] /launch closed
2023-12-10 16:19:47.078 [info] /token-styling closed
2023-12-10 16:19:47.080 [info] /textmate-colors closed
2023-12-10 16:19:47.081 [info] /workbench-colors closed
2023-12-10 16:22:46.678 [info] /vscode-extensions closed
2023-12-10 16:22:46.800 [info] /settings/configurationDefaults closed
2023-12-10 16:22:46.959 [info] /settings/resourceLanguage closed
2023-12-10 16:22:47.160 [info] /launch closed
2023-12-10 16:22:47.162 [info] /token-styling closed
2023-12-10 16:22:47.163 [info] /textmate-colors closed
2023-12-10 16:22:47.173 [info] /workbench-colors closed
2023-12-10 16:25:46.715 [info] /vscode-extensions closed
2023-12-10 16:25:46.841 [info] /settings/configurationDefaults closed
2023-12-10 16:25:46.997 [info] /settings/resourceLanguage closed
2023-12-10 16:25:47.271 [info] /launch closed
2023-12-10 16:25:47.273 [info] /token-styling closed
2023-12-10 16:25:47.273 [info] /textmate-colors closed
2023-12-10 16:25:47.281 [info] /workbench-colors closed
2023-12-10 16:28:46.757 [info] /vscode-extensions closed
2023-12-10 16:28:46.884 [info] /settings/configurationDefaults closed
2023-12-10 16:28:47.075 [info] /settings/resourceLanguage closed
2023-12-10 16:28:47.365 [info] /launch closed
2023-12-10 16:28:47.366 [info] /token-styling closed
2023-12-10 16:28:47.366 [info] /textmate-colors closed
2023-12-10 16:28:47.370 [info] /workbench-colors closed
2023-12-10 16:31:46.801 [info] /vscode-extensions closed
2023-12-10 16:31:46.920 [info] /settings/configurationDefaults closed
2023-12-10 16:31:47.117 [info] /settings/resourceLanguage closed
2023-12-10 16:31:47.458 [info] /launch closed
2023-12-10 16:31:47.459 [info] /token-styling closed
2023-12-10 16:31:47.460 [info] /textmate-colors closed
2023-12-10 16:31:47.468 [info] /workbench-colors closed
2023-12-10 16:34:46.843 [info] /vscode-extensions closed
2023-12-10 16:34:46.965 [info] /settings/configurationDefaults closed
2023-12-10 16:34:47.164 [info] /settings/resourceLanguage closed
2023-12-10 16:34:47.555 [info] /launch closed
2023-12-10 16:34:47.557 [info] /token-styling closed
2023-12-10 16:34:47.566 [info] /textmate-colors closed
2023-12-10 16:34:47.567 [info] /workbench-colors closed
2023-12-10 16:37:46.886 [info] /vscode-extensions closed
2023-12-10 16:37:47.006 [info] /settings/configurationDefaults closed
2023-12-10 16:37:47.211 [info] /settings/resourceLanguage closed
2023-12-10 16:37:47.685 [info] /launch closed
2023-12-10 16:37:47.695 [info] /token-styling closed
2023-12-10 16:37:47.696 [info] /textmate-colors closed
2023-12-10 16:37:47.697 [info] /workbench-colors closed
2023-12-10 16:40:46.931 [info] /vscode-extensions closed
2023-12-10 16:40:47.087 [info] /settings/configurationDefaults closed
2023-12-10 16:40:47.252 [info] /settings/resourceLanguage closed
2023-12-10 16:40:47.772 [info] /launch closed
2023-12-10 16:40:47.774 [info] /token-styling closed
2023-12-10 16:40:47.787 [info] /textmate-colors closed
2023-12-10 16:40:47.788 [info] /workbench-colors closed
2023-12-10 16:43:46.966 [info] /vscode-extensions closed
2023-12-10 16:43:47.130 [info] /settings/configurationDefaults closed
2023-12-10 16:43:47.325 [info] /settings/resourceLanguage closed
2023-12-10 16:43:47.884 [info] /launch closed
2023-12-10 16:43:47.887 [info] /token-styling closed
2023-12-10 16:43:47.893 [info] /textmate-colors closed
2023-12-10 16:43:47.896 [info] /workbench-colors closed
2023-12-10 16:46:47.005 [info] /vscode-extensions closed
2023-12-10 16:46:47.173 [info] /settings/configurationDefaults closed
2023-12-10 16:46:47.401 [info] /settings/resourceLanguage closed
2023-12-10 16:46:47.963 [info] /launch closed
2023-12-10 16:46:47.966 [info] /token-styling closed
2023-12-10 16:46:47.976 [info] /textmate-colors closed
2023-12-10 16:46:47.978 [info] /workbench-colors closed
2023-12-10 16:49:47.044 [info] /vscode-extensions closed
2023-12-10 16:49:47.215 [info] /settings/configurationDefaults closed
2023-12-10 16:49:47.460 [info] /settings/resourceLanguage closed
2023-12-10 16:49:48.064 [info] /launch closed
2023-12-10 16:49:48.065 [info] /token-styling closed
2023-12-10 16:49:48.069 [info] /textmate-colors closed
2023-12-10 16:49:48.070 [info] /workbench-colors closed
2023-12-10 16:52:47.083 [info] /vscode-extensions closed
2023-12-10 16:52:47.256 [info] /settings/configurationDefaults closed
2023-12-10 16:52:47.550 [info] /settings/resourceLanguage closed
2023-12-10 16:52:48.139 [info] /launch closed
2023-12-10 16:52:48.143 [info] /token-styling closed
2023-12-10 16:52:48.151 [info] /textmate-colors closed
2023-12-10 16:52:48.154 [info] /workbench-colors closed
2023-12-10 16:55:47.123 [info] /vscode-extensions closed
2023-12-10 16:55:47.290 [info] /settings/configurationDefaults closed
2023-12-10 16:55:47.593 [info] /settings/resourceLanguage closed
2023-12-10 16:55:48.239 [info] /launch closed
2023-12-10 16:55:48.240 [info] /token-styling closed
2023-12-10 16:55:48.241 [info] /textmate-colors closed
2023-12-10 16:55:48.248 [info] /workbench-colors closed
2023-12-10 16:58:47.164 [info] /vscode-extensions closed
2023-12-10 16:58:47.338 [info] /settings/configurationDefaults closed
2023-12-10 16:58:47.636 [info] /settings/resourceLanguage closed
2023-12-10 16:58:48.330 [info] /launch closed
2023-12-10 16:58:48.331 [info] /token-styling closed
2023-12-10 16:58:48.332 [info] /textmate-colors closed
2023-12-10 16:58:48.333 [info] /workbench-colors closed
2023-12-10 17:31:56.143 [info] /vscode-extensions closed
2023-12-10 17:31:56.325 [info] /settings/configurationDefaults closed
2023-12-10 17:31:56.624 [info] /settings/resourceLanguage closed
2023-12-10 17:31:57.383 [info] /launch closed
2023-12-10 17:31:57.385 [info] /token-styling closed
2023-12-10 17:31:57.387 [info] /textmate-colors closed
2023-12-10 17:31:57.390 [info] /workbench-colors closed
2023-12-10 17:34:56.179 [info] /vscode-extensions closed
2023-12-10 17:34:56.362 [info] /settings/configurationDefaults closed
2023-12-10 17:34:56.674 [info] /settings/resourceLanguage closed
2023-12-10 17:34:57.493 [info] /launch closed
2023-12-10 17:34:57.494 [info] /token-styling closed
2023-12-10 17:34:57.496 [info] /textmate-colors closed
2023-12-10 17:34:57.502 [info] /workbench-colors closed
2023-12-10 17:37:56.212 [info] /vscode-extensions closed
2023-12-10 17:37:56.405 [info] /settings/configurationDefaults closed
2023-12-10 17:37:56.728 [info] /settings/resourceLanguage closed
2023-12-10 17:37:57.581 [info] /launch closed
2023-12-10 17:37:57.582 [info] /token-styling closed
2023-12-10 17:37:57.584 [info] /textmate-colors closed
2023-12-10 17:37:57.587 [info] /workbench-colors closed
2023-12-10 17:40:56.257 [info] /vscode-extensions closed
2023-12-10 17:40:56.443 [info] /settings/configurationDefaults closed
2023-12-10 17:40:56.770 [info] /settings/resourceLanguage closed
2023-12-10 17:40:57.681 [info] /launch closed
2023-12-10 17:40:57.683 [info] /token-styling closed
2023-12-10 17:40:57.684 [info] /textmate-colors closed
2023-12-10 17:40:57.692 [info] /workbench-colors closed
2023-12-10 17:43:56.297 [info] /vscode-extensions closed
2023-12-10 17:43:56.492 [info] /settings/configurationDefaults closed
2023-12-10 17:43:56.829 [info] /settings/resourceLanguage closed
2023-12-10 17:43:57.762 [info] /launch closed
2023-12-10 17:43:57.764 [info] /token-styling closed
2023-12-10 17:43:57.771 [info] /textmate-colors closed
2023-12-10 17:43:57.771 [info] /workbench-colors closed
2023-12-10 17:46:56.336 [info] /vscode-extensions closed
2023-12-10 17:46:56.531 [info] /settings/configurationDefaults closed
2023-12-10 17:46:56.906 [info] /settings/resourceLanguage closed
2023-12-10 17:46:57.841 [info] /launch closed
2023-12-10 17:46:57.844 [info] /token-styling closed
2023-12-10 17:46:57.851 [info] /textmate-colors closed
2023-12-10 17:46:57.854 [info] /workbench-colors closed
2023-12-10 17:49:56.374 [info] /vscode-extensions closed
2023-12-10 17:49:56.568 [info] /settings/configurationDefaults closed
2023-12-10 17:49:56.949 [info] /settings/resourceLanguage closed
2023-12-10 17:49:57.919 [info] /launch closed
2023-12-10 17:49:57.920 [info] /token-styling closed
2023-12-10 17:49:57.921 [info] /textmate-colors closed
2023-12-10 17:49:57.928 [info] /workbench-colors closed
2023-12-10 17:52:56.410 [info] /vscode-extensions closed
2023-12-10 17:52:56.604 [info] /settings/configurationDefaults closed
2023-12-10 17:52:56.997 [info] /settings/resourceLanguage closed
2023-12-10 17:52:58.023 [info] /launch closed
2023-12-10 17:52:58.025 [info] /token-styling closed
2023-12-10 17:52:58.026 [info] /textmate-colors closed
2023-12-10 17:52:58.032 [info] /workbench-colors closed
2023-12-10 17:55:56.445 [info] /vscode-extensions closed
2023-12-10 17:55:56.648 [info] /settings/configurationDefaults closed
2023-12-10 17:55:57.056 [info] /settings/resourceLanguage closed
2023-12-10 17:55:58.102 [info] /launch closed
2023-12-10 17:55:58.104 [info] /token-styling closed
2023-12-10 17:55:58.108 [info] /textmate-colors closed
2023-12-10 17:55:58.109 [info] /workbench-colors closed
2023-12-10 17:58:56.479 [info] /vscode-extensions closed
2023-12-10 17:58:56.688 [info] /settings/configurationDefaults closed
2023-12-10 17:58:57.118 [info] /settings/resourceLanguage closed
2023-12-10 17:58:58.243 [info] /launch closed
2023-12-10 17:58:58.245 [info] /token-styling closed
2023-12-10 17:58:58.246 [info] /textmate-colors closed
2023-12-10 17:58:58.253 [info] /workbench-colors closed
2023-12-10 18:01:56.518 [info] /vscode-extensions closed
2023-12-10 18:01:56.724 [info] /settings/configurationDefaults closed
2023-12-10 18:01:57.169 [info] /settings/resourceLanguage closed
2023-12-10 18:01:58.326 [info] /launch closed
2023-12-10 18:01:58.339 [info] /token-styling closed
2023-12-10 18:01:58.340 [info] /textmate-colors closed
2023-12-10 18:01:58.349 [info] /workbench-colors closed
2023-12-10 18:04:57.404 [info] /vscode-extensions closed
2023-12-10 18:04:57.611 [info] /settings/configurationDefaults closed
2023-12-10 18:04:58.064 [info] /settings/resourceLanguage closed
2023-12-10 18:04:59.252 [info] /launch closed
2023-12-10 18:04:59.254 [info] /token-styling closed
2023-12-10 18:04:59.260 [info] /textmate-colors closed
2023-12-10 18:04:59.426 [info] /workbench-colors closed
2023-12-10 18:07:57.444 [info] /vscode-extensions closed
2023-12-10 18:07:57.646 [info] /settings/configurationDefaults closed
2023-12-10 18:07:58.108 [info] /settings/resourceLanguage closed
2023-12-10 18:07:59.340 [info] /launch closed
2023-12-10 18:07:59.345 [info] /token-styling closed
2023-12-10 18:07:59.346 [info] /textmate-colors closed
2023-12-10 18:07:59.489 [info] /workbench-colors closed
2023-12-10 18:10:57.484 [info] /vscode-extensions closed
2023-12-10 18:10:57.688 [info] /settings/configurationDefaults closed
2023-12-10 18:10:58.179 [info] /settings/resourceLanguage closed
2023-12-10 18:10:59.414 [info] /launch closed
2023-12-10 18:10:59.415 [info] /token-styling closed
2023-12-10 18:10:59.416 [info] /textmate-colors closed
2023-12-10 18:10:59.584 [info] /workbench-colors closed
2023-12-10 18:13:57.521 [info] /vscode-extensions closed
2023-12-10 18:13:57.728 [info] /settings/configurationDefaults closed
2023-12-10 18:13:58.222 [info] /settings/resourceLanguage closed
2023-12-10 18:13:59.495 [info] /launch closed
2023-12-10 18:13:59.497 [info] /token-styling closed
2023-12-10 18:13:59.504 [info] /textmate-colors closed
2023-12-10 18:13:59.687 [info] /workbench-colors closed
2023-12-10 18:16:57.559 [info] /vscode-extensions closed
2023-12-10 18:16:57.769 [info] /settings/configurationDefaults closed
2023-12-10 18:16:58.271 [info] /settings/resourceLanguage closed
2023-12-10 18:16:59.594 [info] /launch closed
2023-12-10 18:16:59.603 [info] /token-styling closed
2023-12-10 18:16:59.606 [info] /textmate-colors closed
2023-12-10 18:16:59.776 [info] /workbench-colors closed
2023-12-10 18:19:57.595 [info] /vscode-extensions closed
2023-12-10 18:19:57.809 [info] /settings/configurationDefaults closed
2023-12-10 18:19:58.317 [info] /settings/resourceLanguage closed
2023-12-10 18:19:59.687 [info] /launch closed
2023-12-10 18:19:59.695 [info] /token-styling closed
2023-12-10 18:19:59.696 [info] /textmate-colors closed
2023-12-10 18:19:59.863 [info] /workbench-colors closed
2023-12-10 18:22:57.631 [info] /vscode-extensions closed
2023-12-10 18:22:57.849 [info] /settings/configurationDefaults closed
2023-12-10 18:22:58.358 [info] /settings/resourceLanguage closed
2023-12-10 18:22:59.791 [info] /launch closed
2023-12-10 18:22:59.794 [info] /token-styling closed
2023-12-10 18:22:59.801 [info] /textmate-colors closed
2023-12-10 18:22:59.966 [info] /workbench-colors closed
2023-12-10 18:25:57.664 [info] /vscode-extensions closed
2023-12-10 18:25:57.885 [info] /settings/configurationDefaults closed
2023-12-10 18:25:58.417 [info] /settings/resourceLanguage closed
2023-12-10 18:25:59.874 [info] /launch closed
2023-12-10 18:25:59.875 [info] /token-styling closed
2023-12-10 18:25:59.876 [info] /textmate-colors closed
2023-12-10 18:26:00.042 [info] /workbench-colors closed
2023-12-10 18:28:57.698 [info] /vscode-extensions closed
2023-12-10 18:28:57.925 [info] /settings/configurationDefaults closed
2023-12-10 18:28:58.457 [info] /settings/resourceLanguage closed
2023-12-10 18:28:59.973 [info] /launch closed
2023-12-10 18:28:59.974 [info] /token-styling closed
2023-12-10 18:28:59.975 [info] /textmate-colors closed
2023-12-10 18:29:00.187 [info] /workbench-colors closed
2023-12-10 18:31:57.733 [info] /vscode-extensions closed
2023-12-10 18:31:57.969 [info] /settings/configurationDefaults closed
2023-12-10 18:31:58.544 [info] /settings/resourceLanguage closed
2023-12-10 18:32:00.093 [info] /launch closed
2023-12-10 18:32:00.095 [info] /token-styling closed
2023-12-10 18:32:00.099 [info] /textmate-colors closed
2023-12-10 18:32:00.294 [info] /workbench-colors closed
2023-12-10 18:34:57.776 [info] /vscode-extensions closed
2023-12-10 18:34:58.016 [info] /settings/configurationDefaults closed
2023-12-10 18:34:58.594 [info] /settings/resourceLanguage closed
2023-12-10 18:35:00.198 [info] /launch closed
2023-12-10 18:35:00.200 [info] /token-styling closed
2023-12-10 18:35:00.207 [info] /textmate-colors closed
2023-12-10 18:35:00.384 [info] /workbench-colors closed
2023-12-10 18:37:57.812 [info] /vscode-extensions closed
2023-12-10 18:37:58.063 [info] /settings/configurationDefaults closed
2023-12-10 18:37:58.659 [info] /settings/resourceLanguage closed
2023-12-10 18:38:00.300 [info] /launch closed
2023-12-10 18:38:00.305 [info] /token-styling closed
2023-12-10 18:38:00.306 [info] /textmate-colors closed
2023-12-10 18:38:00.508 [info] /workbench-colors closed
2023-12-10 18:40:57.844 [info] /vscode-extensions closed
2023-12-10 18:40:58.104 [info] /settings/configurationDefaults closed
2023-12-10 18:40:58.710 [info] /settings/resourceLanguage closed
2023-12-10 18:41:00.405 [info] /launch closed
2023-12-10 18:41:00.406 [info] /token-styling closed
2023-12-10 18:41:00.407 [info] /textmate-colors closed
2023-12-10 18:41:00.621 [info] /workbench-colors closed
2023-12-10 18:43:57.887 [info] /vscode-extensions closed
2023-12-10 18:43:58.145 [info] /settings/configurationDefaults closed
2023-12-10 18:43:58.788 [info] /settings/resourceLanguage closed
2023-12-10 18:44:00.490 [info] /launch closed
2023-12-10 18:44:00.491 [info] /token-styling closed
2023-12-10 18:44:00.493 [info] /textmate-colors closed
2023-12-10 18:44:00.712 [info] /workbench-colors closed
2023-12-10 19:06:05.831 [info] /vscode-extensions closed
2023-12-10 19:06:06.090 [info] /settings/configurationDefaults closed
2023-12-10 19:06:06.747 [info] /settings/resourceLanguage closed
2023-12-10 19:06:08.505 [info] /launch closed
2023-12-10 19:06:08.514 [info] /token-styling closed
2023-12-10 19:06:08.517 [info] /textmate-colors closed
2023-12-10 19:06:08.703 [info] /workbench-colors closed
2023-12-10 19:09:05.867 [info] /vscode-extensions closed
2023-12-10 19:09:06.136 [info] /settings/configurationDefaults closed
2023-12-10 19:09:06.788 [info] /settings/resourceLanguage closed
2023-12-10 19:09:08.608 [info] /launch closed
2023-12-10 19:09:08.609 [info] /token-styling closed
2023-12-10 19:09:08.611 [info] /textmate-colors closed
2023-12-10 19:09:08.809 [info] /workbench-colors closed
2023-12-10 19:12:05.900 [info] /vscode-extensions closed
2023-12-10 19:12:06.177 [info] /settings/configurationDefaults closed
2023-12-10 19:12:06.847 [info] /settings/resourceLanguage closed
2023-12-10 19:12:08.701 [info] /launch closed
2023-12-10 19:12:08.702 [info] /token-styling closed
2023-12-10 19:12:08.704 [info] /textmate-colors closed
2023-12-10 19:12:08.844 [info] /workbench-colors closed
2023-12-10 19:15:05.932 [info] /vscode-extensions closed
2023-12-10 19:15:06.225 [info] /settings/configurationDefaults closed
2023-12-10 19:15:06.905 [info] /settings/resourceLanguage closed
2023-12-10 19:15:08.779 [info] /launch closed
2023-12-10 19:15:08.782 [info] /token-styling closed
2023-12-10 19:15:08.786 [info] /textmate-colors closed
2023-12-10 19:15:08.932 [info] /workbench-colors closed
2023-12-10 19:18:05.968 [info] /vscode-extensions closed
2023-12-10 19:18:06.262 [info] /settings/configurationDefaults closed
2023-12-10 19:18:06.944 [info] /settings/resourceLanguage closed
2023-12-10 19:18:08.873 [info] /launch closed
2023-12-10 19:18:08.874 [info] /token-styling closed
2023-12-10 19:18:08.875 [info] /textmate-colors closed
2023-12-10 19:18:09.057 [info] /workbench-colors closed
2023-12-10 19:21:06.006 [info] /vscode-extensions closed
2023-12-10 19:21:06.300 [info] /settings/configurationDefaults closed
2023-12-10 19:21:06.993 [info] /settings/resourceLanguage closed
2023-12-10 19:21:08.998 [info] /launch closed
2023-12-10 19:21:09.008 [info] /token-styling closed
2023-12-10 19:21:09.009 [info] /textmate-colors closed
2023-12-10 19:21:09.223 [info] /workbench-colors closed
2023-12-10 19:24:06.677 [info] /vscode-extensions closed
2023-12-10 19:24:06.983 [info] /settings/configurationDefaults closed
2023-12-10 19:24:07.680 [info] /settings/resourceLanguage closed
2023-12-10 19:24:09.731 [info] /launch closed
2023-12-10 19:24:09.732 [info] /token-styling closed
2023-12-10 19:24:09.737 [info] /textmate-colors closed
2023-12-10 19:24:09.919 [info] /workbench-colors closed
2023-12-10 19:27:06.716 [info] /vscode-extensions closed
2023-12-10 19:27:07.029 [info] /settings/configurationDefaults closed
2023-12-10 19:27:07.731 [info] /settings/resourceLanguage closed
2023-12-10 19:27:09.809 [info] /launch closed
2023-12-10 19:27:09.813 [info] /token-styling closed
2023-12-10 19:27:09.814 [info] /textmate-colors closed
2023-12-10 19:27:10.048 [info] /workbench-colors closed
2023-12-10 19:30:06.772 [info] /vscode-extensions closed
2023-12-10 19:30:07.069 [info] /settings/configurationDefaults closed
2023-12-10 19:30:07.776 [info] /settings/resourceLanguage closed
2023-12-10 19:30:09.890 [info] /launch closed
2023-12-10 19:30:09.893 [info] /token-styling closed
2023-12-10 19:30:09.901 [info] /textmate-colors closed
2023-12-10 19:30:10.113 [info] /workbench-colors closed
2023-12-10 19:33:06.805 [info] /vscode-extensions closed
2023-12-10 19:33:07.110 [info] /settings/configurationDefaults closed
2023-12-10 19:33:07.835 [info] /settings/resourceLanguage closed
2023-12-10 19:33:09.970 [info] /launch closed
2023-12-10 19:33:09.971 [info] /token-styling closed
2023-12-10 19:33:09.971 [info] /textmate-colors closed
2023-12-10 19:33:10.163 [info] /workbench-colors closed
2023-12-10 19:36:06.843 [info] /vscode-extensions closed
2023-12-10 19:36:07.154 [info] /settings/configurationDefaults closed
2023-12-10 19:36:07.894 [info] /settings/resourceLanguage closed
2023-12-10 19:36:10.075 [info] /launch closed
2023-12-10 19:36:10.077 [info] /token-styling closed
2023-12-10 19:36:10.087 [info] /textmate-colors closed
2023-12-10 19:36:10.262 [info] /workbench-colors closed
2023-12-10 19:39:06.880 [info] /vscode-extensions closed
2023-12-10 19:39:07.203 [info] /settings/configurationDefaults closed
2023-12-10 19:39:07.951 [info] /settings/resourceLanguage closed
2023-12-10 19:39:10.170 [info] /launch closed
2023-12-10 19:39:10.171 [info] /token-styling closed
2023-12-10 19:39:10.173 [info] /textmate-colors closed
2023-12-10 19:39:10.353 [info] /workbench-colors closed
2023-12-10 19:42:06.919 [info] /vscode-extensions closed
2023-12-10 19:42:07.247 [info] /settings/configurationDefaults closed
2023-12-10 19:42:07.998 [info] /settings/resourceLanguage closed
2023-12-10 19:42:10.246 [info] /launch closed
2023-12-10 19:42:10.248 [info] /token-styling closed
2023-12-10 19:42:10.249 [info] /textmate-colors closed
2023-12-10 19:42:10.405 [info] /workbench-colors closed
2023-12-10 19:45:06.958 [info] /vscode-extensions closed
2023-12-10 19:45:07.286 [info] /settings/configurationDefaults closed
2023-12-10 19:45:08.044 [info] /settings/resourceLanguage closed
2023-12-10 19:45:10.339 [info] /launch closed
2023-12-10 19:45:10.339 [info] /token-styling closed
2023-12-10 19:45:10.340 [info] /textmate-colors closed
2023-12-10 19:45:10.506 [info] /workbench-colors closed
2023-12-10 19:48:06.997 [info] /vscode-extensions closed
2023-12-10 19:48:07.320 [info] /settings/configurationDefaults closed
2023-12-10 19:48:08.088 [info] /settings/resourceLanguage closed
2023-12-10 19:48:10.418 [info] /launch closed
2023-12-10 19:48:10.422 [info] /token-styling closed
2023-12-10 19:48:10.422 [info] /textmate-colors closed
2023-12-10 19:48:10.585 [info] /workbench-colors closed
2023-12-10 19:51:07.013 [info] /vscode-extensions closed
2023-12-10 19:51:07.359 [info] /settings/configurationDefaults closed
2023-12-10 19:51:08.128 [info] /settings/resourceLanguage closed
2023-12-10 19:51:10.505 [info] /launch closed
2023-12-10 19:51:10.505 [info] /token-styling closed
2023-12-10 19:51:10.506 [info] /textmate-colors closed
2023-12-10 19:51:10.644 [info] /workbench-colors closed
2023-12-10 19:54:07.052 [info] /vscode-extensions closed
2023-12-10 19:54:07.409 [info] /settings/configurationDefaults closed
2023-12-10 19:54:08.176 [info] /settings/resourceLanguage closed
2023-12-10 19:54:10.586 [info] /launch closed
2023-12-10 19:54:10.591 [info] /token-styling closed
2023-12-10 19:54:10.592 [info] /textmate-colors closed
2023-12-10 19:54:10.793 [info] /workbench-colors closed
2023-12-10 19:57:07.097 [info] /vscode-extensions closed
2023-12-10 19:57:07.447 [info] /settings/configurationDefaults closed
2023-12-10 19:57:08.222 [info] /settings/resourceLanguage closed
2023-12-10 19:57:10.667 [info] /launch closed
2023-12-10 19:57:10.671 [info] /token-styling closed
2023-12-10 19:57:10.671 [info] /textmate-colors closed
2023-12-10 19:57:10.904 [info] /workbench-colors closed
2023-12-10 20:00:07.134 [info] /vscode-extensions closed
2023-12-10 20:00:07.483 [info] /settings/configurationDefaults closed
2023-12-10 20:00:08.272 [info] /settings/resourceLanguage closed
2023-12-10 20:00:10.765 [info] /launch closed
2023-12-10 20:00:10.766 [info] /token-styling closed
2023-12-10 20:00:10.769 [info] /textmate-colors closed
2023-12-10 20:00:11.001 [info] /workbench-colors closed
2023-12-10 20:03:07.174 [info] /vscode-extensions closed
2023-12-10 20:03:07.531 [info] /settings/configurationDefaults closed
2023-12-10 20:03:08.322 [info] /settings/resourceLanguage closed
2023-12-10 20:03:10.841 [info] /launch closed
2023-12-10 20:03:10.842 [info] /token-styling closed
2023-12-10 20:03:10.846 [info] /textmate-colors closed
2023-12-10 20:03:11.080 [info] /workbench-colors closed
2023-12-10 20:06:07.212 [info] /vscode-extensions closed
2023-12-10 20:06:07.582 [info] /settings/configurationDefaults closed
2023-12-10 20:06:08.363 [info] /settings/resourceLanguage closed
2023-12-10 20:06:10.948 [info] /launch closed
2023-12-10 20:06:10.949 [info] /token-styling closed
2023-12-10 20:06:10.951 [info] /textmate-colors closed
2023-12-10 20:06:11.139 [info] /workbench-colors closed
2023-12-10 20:09:07.254 [info] /vscode-extensions closed
2023-12-10 20:09:07.624 [info] /settings/configurationDefaults closed
2023-12-10 20:09:08.429 [info] /settings/resourceLanguage closed
2023-12-10 20:09:11.027 [info] /launch closed
2023-12-10 20:09:11.028 [info] /token-styling closed
2023-12-10 20:09:11.030 [info] /textmate-colors closed
2023-12-10 20:09:11.193 [info] /workbench-colors closed
2023-12-10 20:12:07.288 [info] /vscode-extensions closed
2023-12-10 20:12:07.662 [info] /settings/configurationDefaults closed
2023-12-10 20:12:08.468 [info] /settings/resourceLanguage closed
2023-12-10 20:12:11.127 [info] /launch closed
2023-12-10 20:12:11.128 [info] /token-styling closed
2023-12-10 20:12:11.129 [info] /textmate-colors closed
2023-12-10 20:12:11.265 [info] /workbench-colors closed
2023-12-10 20:15:07.326 [info] /vscode-extensions closed
2023-12-10 20:15:07.698 [info] /settings/configurationDefaults closed
2023-12-10 20:15:08.514 [info] /settings/resourceLanguage closed
2023-12-10 20:15:11.223 [info] /launch closed
2023-12-10 20:15:11.224 [info] /token-styling closed
2023-12-10 20:15:11.234 [info] /textmate-colors closed
2023-12-10 20:15:11.388 [info] /workbench-colors closed
2023-12-10 20:18:07.371 [info] /vscode-extensions closed
2023-12-10 20:18:07.748 [info] /settings/configurationDefaults closed
2023-12-10 20:18:08.567 [info] /settings/resourceLanguage closed
2023-12-10 20:18:11.350 [info] /launch closed
2023-12-10 20:18:11.351 [info] /token-styling closed
2023-12-10 20:18:11.361 [info] /textmate-colors closed
2023-12-10 20:18:11.516 [info] /workbench-colors closed
2023-12-10 20:21:07.416 [info] /vscode-extensions closed
2023-12-10 20:21:07.793 [info] /settings/configurationDefaults closed
2023-12-10 20:21:08.615 [info] /settings/resourceLanguage closed
2023-12-10 20:21:11.455 [info] /launch closed
2023-12-10 20:21:11.455 [info] /token-styling closed
2023-12-10 20:21:11.456 [info] /textmate-colors closed
2023-12-10 20:21:11.610 [info] /workbench-colors closed
2023-12-10 20:24:07.458 [info] /vscode-extensions closed
2023-12-10 20:24:07.838 [info] /settings/configurationDefaults closed
2023-12-10 20:24:08.686 [info] /settings/resourceLanguage closed
2023-12-10 20:24:11.590 [info] /launch closed
2023-12-10 20:24:11.592 [info] /token-styling closed
2023-12-10 20:24:11.598 [info] /textmate-colors closed
2023-12-10 20:24:11.728 [info] /workbench-colors closed
2023-12-10 20:27:07.493 [info] /vscode-extensions closed
2023-12-10 20:27:07.880 [info] /settings/configurationDefaults closed
2023-12-10 20:27:08.731 [info] /settings/resourceLanguage closed
2023-12-10 20:27:11.695 [info] /launch closed
2023-12-10 20:27:11.705 [info] /token-styling closed
2023-12-10 20:27:11.707 [info] /textmate-colors closed
2023-12-10 20:27:11.862 [info] /workbench-colors closed
2023-12-10 20:30:07.538 [info] /vscode-extensions closed
2023-12-10 20:30:07.918 [info] /settings/configurationDefaults closed
2023-12-10 20:30:08.800 [info] /settings/resourceLanguage closed
2023-12-10 20:30:11.835 [info] /launch closed
2023-12-10 20:30:11.838 [info] /token-styling closed
2023-12-10 20:30:11.840 [info] /textmate-colors closed
2023-12-10 20:30:12.009 [info] /workbench-colors closed
2023-12-10 20:33:07.587 [info] /vscode-extensions closed
2023-12-10 20:33:07.969 [info] /settings/configurationDefaults closed
2023-12-10 20:33:08.855 [info] /settings/resourceLanguage closed
2023-12-10 20:33:11.952 [info] /launch closed
2023-12-10 20:33:11.956 [info] /token-styling closed
2023-12-10 20:33:11.957 [info] /textmate-colors closed
2023-12-10 20:33:12.156 [info] /workbench-colors closed
2023-12-10 20:36:07.628 [info] /vscode-extensions closed
2023-12-10 20:36:08.016 [info] /settings/configurationDefaults closed
2023-12-10 20:36:08.904 [info] /settings/resourceLanguage closed
2023-12-10 20:36:12.046 [info] /launch closed
2023-12-10 20:36:12.048 [info] /token-styling closed
2023-12-10 20:36:12.049 [info] /textmate-colors closed
2023-12-10 20:36:12.195 [info] /workbench-colors closed
2023-12-10 20:39:07.669 [info] /vscode-extensions closed
2023-12-10 20:39:08.057 [info] /settings/configurationDefaults closed
2023-12-10 20:39:08.944 [info] /settings/resourceLanguage closed
2023-12-10 20:39:12.142 [info] /launch closed
2023-12-10 20:39:12.143 [info] /token-styling closed
2023-12-10 20:39:12.145 [info] /textmate-colors closed
2023-12-10 20:39:12.335 [info] /workbench-colors closed
2023-12-10 20:42:07.713 [info] /vscode-extensions closed
2023-12-10 20:42:08.103 [info] /settings/configurationDefaults closed
2023-12-10 20:42:09.035 [info] /settings/resourceLanguage closed
2023-12-10 20:42:12.274 [info] /launch closed
2023-12-10 20:42:12.277 [info] /token-styling closed
2023-12-10 20:42:12.282 [info] /textmate-colors closed
2023-12-10 20:42:12.480 [info] /workbench-colors closed
2023-12-10 20:45:07.760 [info] /vscode-extensions closed
2023-12-10 20:45:08.147 [info] /settings/configurationDefaults closed
2023-12-10 20:45:09.101 [info] /settings/resourceLanguage closed
2023-12-10 20:45:12.379 [info] /launch closed
2023-12-10 20:45:12.380 [info] /token-styling closed
2023-12-10 20:45:12.380 [info] /textmate-colors closed
2023-12-10 20:45:12.543 [info] /workbench-colors closed
2023-12-10 20:48:07.795 [info] /vscode-extensions closed
2023-12-10 20:48:08.189 [info] /settings/configurationDefaults closed
2023-12-10 20:48:09.153 [info] /settings/resourceLanguage closed
2023-12-10 20:48:12.495 [info] /launch closed
2023-12-10 20:48:12.506 [info] /token-styling closed
2023-12-10 20:48:12.507 [info] /textmate-colors closed
2023-12-10 20:48:12.705 [info] /workbench-colors closed
2023-12-10 20:51:07.840 [info] /vscode-extensions closed
2023-12-10 20:51:08.229 [info] /settings/configurationDefaults closed
2023-12-10 20:51:09.198 [info] /settings/resourceLanguage closed
2023-12-10 20:51:12.649 [info] /launch closed
2023-12-10 20:51:12.651 [info] /token-styling closed
2023-12-10 20:51:12.657 [info] /textmate-colors closed
2023-12-10 20:51:12.856 [info] /workbench-colors closed
2023-12-10 20:54:07.885 [info] /vscode-extensions closed
2023-12-10 20:54:08.279 [info] /settings/configurationDefaults closed
2023-12-10 20:54:09.246 [info] /settings/resourceLanguage closed
2023-12-10 20:54:12.754 [info] /launch closed
2023-12-10 20:54:12.755 [info] /token-styling closed
2023-12-10 20:54:12.756 [info] /textmate-colors closed
2023-12-10 20:54:12.927 [info] /workbench-colors closed
2023-12-10 20:57:07.929 [info] /vscode-extensions closed
2023-12-10 20:57:08.323 [info] /settings/configurationDefaults closed
2023-12-10 20:57:09.316 [info] /settings/resourceLanguage closed
2023-12-10 20:57:12.868 [info] /launch closed
2023-12-10 20:57:12.870 [info] /token-styling closed
2023-12-10 20:57:12.876 [info] /textmate-colors closed
2023-12-10 20:57:12.996 [info] /workbench-colors closed
2023-12-10 21:00:07.969 [info] /vscode-extensions closed
2023-12-10 21:00:08.368 [info] /settings/configurationDefaults closed
2023-12-10 21:00:09.373 [info] /settings/resourceLanguage closed
2023-12-10 21:00:12.971 [info] /launch closed
2023-12-10 21:00:12.971 [info] /token-styling closed
2023-12-10 21:00:12.972 [info] /textmate-colors closed
2023-12-10 21:00:13.118 [info] /workbench-colors closed
2023-12-10 21:03:08.001 [info] /vscode-extensions closed
2023-12-10 21:03:08.402 [info] /settings/configurationDefaults closed
2023-12-10 21:03:09.421 [info] /settings/resourceLanguage closed
2023-12-10 21:03:13.070 [info] /launch closed
2023-12-10 21:03:13.072 [info] /token-styling closed
2023-12-10 21:03:13.072 [info] /textmate-colors closed
2023-12-10 21:03:13.222 [info] /workbench-colors closed
2023-12-10 21:06:08.016 [info] /vscode-extensions closed
2023-12-10 21:06:08.441 [info] /settings/configurationDefaults closed
2023-12-10 21:06:09.468 [info] /settings/resourceLanguage closed
2023-12-10 21:06:13.191 [info] /launch closed
2023-12-10 21:06:13.193 [info] /token-styling closed
2023-12-10 21:06:13.194 [info] /textmate-colors closed
2023-12-10 21:06:13.331 [info] /workbench-colors closed
2023-12-10 21:09:08.053 [info] /vscode-extensions closed
2023-12-10 21:09:08.480 [info] /settings/configurationDefaults closed
2023-12-10 21:09:09.513 [info] /settings/resourceLanguage closed
2023-12-10 21:09:13.288 [info] /launch closed
2023-12-10 21:09:13.294 [info] /token-styling closed
2023-12-10 21:09:13.296 [info] /textmate-colors closed
2023-12-10 21:09:13.477 [info] /workbench-colors closed
2023-12-10 21:12:08.097 [info] /vscode-extensions closed
2023-12-10 21:12:08.521 [info] /settings/configurationDefaults closed
2023-12-10 21:12:09.560 [info] /settings/resourceLanguage closed
2023-12-10 21:12:13.455 [info] /launch closed
2023-12-10 21:12:13.458 [info] /token-styling closed
2023-12-10 21:12:13.461 [info] /textmate-colors closed
2023-12-10 21:12:13.633 [info] /workbench-colors closed
2023-12-10 21:15:08.136 [info] /vscode-extensions closed
2023-12-10 21:15:08.559 [info] /settings/configurationDefaults closed
2023-12-10 21:15:09.608 [info] /settings/resourceLanguage closed
2023-12-10 21:15:13.578 [info] /launch closed
2023-12-10 21:15:13.579 [info] /token-styling closed
2023-12-10 21:15:13.583 [info] /textmate-colors closed
2023-12-10 21:15:13.751 [info] /workbench-colors closed
2023-12-10 21:18:08.179 [info] /vscode-extensions closed
2023-12-10 21:18:08.618 [info] /settings/configurationDefaults closed
2023-12-10 21:18:09.667 [info] /settings/resourceLanguage closed
2023-12-10 21:18:13.695 [info] /launch closed
2023-12-10 21:18:13.696 [info] /token-styling closed
2023-12-10 21:18:13.697 [info] /textmate-colors closed
2023-12-10 21:18:13.886 [info] /workbench-colors closed
2023-12-10 21:21:08.217 [info] /vscode-extensions closed
2023-12-10 21:21:08.659 [info] /settings/configurationDefaults closed
2023-12-10 21:21:09.717 [info] /settings/resourceLanguage closed
2023-12-10 21:21:13.806 [info] /launch closed
2023-12-10 21:21:13.811 [info] /token-styling closed
2023-12-10 21:21:13.811 [info] /textmate-colors closed
2023-12-10 21:21:14.001 [info] /workbench-colors closed
2023-12-10 21:24:08.262 [info] /vscode-extensions closed
2023-12-10 21:24:08.695 [info] /settings/configurationDefaults closed
2023-12-10 21:24:09.759 [info] /settings/resourceLanguage closed
2023-12-10 21:24:13.920 [info] /launch closed
2023-12-10 21:24:13.923 [info] /token-styling closed
2023-12-10 21:24:13.924 [info] /textmate-colors closed
2023-12-10 21:24:14.092 [info] /workbench-colors closed
2023-12-10 21:27:08.302 [info] /vscode-extensions closed
2023-12-10 21:27:08.736 [info] /settings/configurationDefaults closed
2023-12-10 21:27:09.839 [info] /settings/resourceLanguage closed
2023-12-10 21:27:14.068 [info] /launch closed
2023-12-10 21:27:14.069 [info] /token-styling closed
2023-12-10 21:27:14.070 [info] /textmate-colors closed
2023-12-10 21:27:14.229 [info] /workbench-colors closed
2023-12-10 21:30:08.344 [info] /vscode-extensions closed
2023-12-10 21:30:08.779 [info] /settings/configurationDefaults closed
2023-12-10 21:30:09.887 [info] /settings/resourceLanguage closed
2023-12-10 21:30:14.172 [info] /launch closed
2023-12-10 21:30:14.177 [info] /token-styling closed
2023-12-10 21:30:14.178 [info] /textmate-colors closed
2023-12-10 21:30:14.337 [info] /workbench-colors closed
2023-12-10 21:33:08.380 [info] /vscode-extensions closed
2023-12-10 21:33:08.810 [info] /settings/configurationDefaults closed
2023-12-10 21:33:09.935 [info] /settings/resourceLanguage closed
2023-12-10 21:33:14.296 [info] /launch closed
2023-12-10 21:33:14.296 [info] /token-styling closed
2023-12-10 21:33:14.297 [info] /textmate-colors closed
2023-12-10 21:33:14.439 [info] /workbench-colors closed
2023-12-10 21:36:08.419 [info] /vscode-extensions closed
2023-12-10 21:36:08.845 [info] /settings/configurationDefaults closed
2023-12-10 21:36:09.978 [info] /settings/resourceLanguage closed
2023-12-10 21:36:14.398 [info] /launch closed
2023-12-10 21:36:14.407 [info] /token-styling closed
2023-12-10 21:36:14.408 [info] /textmate-colors closed
2023-12-10 21:36:14.549 [info] /workbench-colors closed
2023-12-10 21:39:08.463 [info] /vscode-extensions closed
2023-12-10 21:39:08.882 [info] /settings/configurationDefaults closed
2023-12-10 21:39:10.028 [info] /settings/resourceLanguage closed
2023-12-10 21:39:14.522 [info] /launch closed
2023-12-10 21:39:14.527 [info] /token-styling closed
2023-12-10 21:39:14.528 [info] /textmate-colors closed
2023-12-10 21:39:14.688 [info] /workbench-colors closed
2023-12-10 21:42:08.507 [info] /vscode-extensions closed
2023-12-10 21:42:08.923 [info] /settings/configurationDefaults closed
2023-12-10 21:42:10.078 [info] /settings/resourceLanguage closed
2023-12-10 21:42:14.639 [info] /launch closed
2023-12-10 21:42:14.641 [info] /token-styling closed
2023-12-10 21:42:14.651 [info] /textmate-colors closed
2023-12-10 21:42:14.832 [info] /workbench-colors closed
2023-12-10 21:45:08.546 [info] /vscode-extensions closed
2023-12-10 21:45:08.961 [info] /settings/configurationDefaults closed
2023-12-10 21:45:10.124 [info] /settings/resourceLanguage closed
2023-12-10 21:45:14.805 [info] /launch closed
2023-12-10 21:45:14.807 [info] /token-styling closed
2023-12-10 21:45:14.815 [info] /textmate-colors closed
2023-12-10 21:45:14.949 [info] /workbench-colors closed
2023-12-10 21:48:08.585 [info] /vscode-extensions closed
2023-12-10 21:48:09.000 [info] /settings/configurationDefaults closed
2023-12-10 21:48:10.170 [info] /settings/resourceLanguage closed
2023-12-10 21:48:14.911 [info] /launch closed
2023-12-10 21:48:14.914 [info] /token-styling closed
2023-12-10 21:48:14.925 [info] /textmate-colors closed
2023-12-10 21:48:15.079 [info] /workbench-colors closed
2023-12-10 21:51:08.617 [info] /vscode-extensions closed
2023-12-10 21:51:09.046 [info] /settings/configurationDefaults closed
2023-12-10 21:51:10.218 [info] /settings/resourceLanguage closed
2023-12-10 21:51:15.021 [info] /launch closed
2023-12-10 21:51:15.031 [info] /token-styling closed
2023-12-10 21:51:15.032 [info] /textmate-colors closed
2023-12-10 21:51:15.196 [info] /workbench-colors closed
2023-12-10 21:54:08.655 [info] /vscode-extensions closed
2023-12-10 21:54:09.088 [info] /settings/configurationDefaults closed
2023-12-10 21:54:10.271 [info] /settings/resourceLanguage closed
2023-12-10 21:54:15.134 [info] /launch closed
2023-12-10 21:54:15.135 [info] /token-styling closed
2023-12-10 21:54:15.159 [info] /textmate-colors closed
2023-12-10 21:54:15.312 [info] /workbench-colors closed
2023-12-10 21:57:08.699 [info] /vscode-extensions closed
2023-12-10 21:57:09.132 [info] /settings/configurationDefaults closed
2023-12-10 21:57:10.320 [info] /settings/resourceLanguage closed
2023-12-10 21:57:15.257 [info] /launch closed
2023-12-10 21:57:15.258 [info] /token-styling closed
2023-12-10 21:57:15.266 [info] /textmate-colors closed
2023-12-10 21:57:15.423 [info] /workbench-colors closed
2023-12-10 22:00:08.738 [info] /vscode-extensions closed
2023-12-10 22:00:09.177 [info] /settings/configurationDefaults closed
2023-12-10 22:00:10.367 [info] /settings/resourceLanguage closed
2023-12-10 22:00:15.379 [info] /launch closed
2023-12-10 22:00:15.380 [info] /token-styling closed
2023-12-10 22:00:15.381 [info] /textmate-colors closed
2023-12-10 22:00:15.539 [info] /workbench-colors closed
2023-12-10 22:03:08.774 [info] /vscode-extensions closed
2023-12-10 22:03:09.219 [info] /settings/configurationDefaults closed
2023-12-10 22:03:10.432 [info] /settings/resourceLanguage closed
2023-12-10 22:03:15.503 [info] /launch closed
2023-12-10 22:03:15.505 [info] /token-styling closed
2023-12-10 22:03:15.511 [info] /textmate-colors closed
2023-12-10 22:03:15.737 [info] /workbench-colors closed
2023-12-10 22:06:08.814 [info] /vscode-extensions closed
2023-12-10 22:06:09.266 [info] /settings/configurationDefaults closed
2023-12-10 22:06:10.507 [info] /settings/resourceLanguage closed
2023-12-10 22:06:15.676 [info] /launch closed
2023-12-10 22:06:15.687 [info] /token-styling closed
2023-12-10 22:06:15.688 [info] /textmate-colors closed
2023-12-10 22:06:15.930 [info] /workbench-colors closed
2023-12-10 22:09:08.851 [info] /vscode-extensions closed
2023-12-10 22:09:09.316 [info] /settings/configurationDefaults closed
2023-12-10 22:09:10.542 [info] /settings/resourceLanguage closed
2023-12-10 22:09:15.779 [info] /launch closed
2023-12-10 22:09:15.785 [info] /token-styling closed
2023-12-10 22:09:15.790 [info] /textmate-colors closed
2023-12-10 22:09:16.019 [info] /workbench-colors closed
2023-12-10 22:12:08.902 [info] /vscode-extensions closed
2023-12-10 22:12:09.365 [info] /settings/configurationDefaults closed
2023-12-10 22:12:10.608 [info] /settings/resourceLanguage closed
2023-12-10 22:12:15.896 [info] /launch closed
2023-12-10 22:12:15.904 [info] /token-styling closed
2023-12-10 22:12:15.913 [info] /textmate-colors closed
2023-12-10 22:12:16.141 [info] /workbench-colors closed
2023-12-10 22:15:08.940 [info] /vscode-extensions closed
2023-12-10 22:15:09.409 [info] /settings/configurationDefaults closed
2023-12-10 22:15:10.662 [info] /settings/resourceLanguage closed
2023-12-10 22:15:16.017 [info] /launch closed
2023-12-10 22:15:16.018 [info] /token-styling closed
2023-12-10 22:15:16.200 [info] /textmate-colors closed
2023-12-10 22:15:16.206 [info] /workbench-colors closed
2023-12-10 22:18:08.980 [info] /vscode-extensions closed
2023-12-10 22:18:09.453 [info] /settings/configurationDefaults closed
2023-12-10 22:18:10.724 [info] /settings/resourceLanguage closed
2023-12-10 22:18:16.129 [info] /launch closed
2023-12-10 22:18:16.131 [info] /token-styling closed
2023-12-10 22:18:16.321 [info] /textmate-colors closed
2023-12-10 22:18:16.326 [info] /workbench-colors closed
2023-12-10 22:21:08.998 [info] /vscode-extensions closed
2023-12-10 22:21:09.496 [info] /settings/configurationDefaults closed
2023-12-10 22:21:10.772 [info] /settings/resourceLanguage closed
2023-12-10 22:21:16.260 [info] /launch closed
2023-12-10 22:21:16.261 [info] /token-styling closed
2023-12-10 22:21:16.439 [info] /textmate-colors closed
2023-12-10 22:21:16.442 [info] /workbench-colors closed
2023-12-10 22:24:09.039 [info] /vscode-extensions closed
2023-12-10 22:24:09.540 [info] /settings/configurationDefaults closed
2023-12-10 22:24:10.826 [info] /settings/resourceLanguage closed
2023-12-10 22:24:16.363 [info] /launch closed
2023-12-10 22:24:16.366 [info] /token-styling closed
2023-12-10 22:24:16.507 [info] /textmate-colors closed
2023-12-10 22:24:16.508 [info] /workbench-colors closed
2023-12-10 22:27:09.083 [info] /vscode-extensions closed
2023-12-10 22:27:09.587 [info] /settings/configurationDefaults closed
2023-12-10 22:27:10.881 [info] /settings/resourceLanguage closed
2023-12-10 22:27:16.484 [info] /launch closed
2023-12-10 22:27:16.488 [info] /token-styling closed
2023-12-10 22:27:16.654 [info] /textmate-colors closed
2023-12-10 22:27:16.655 [info] /workbench-colors closed
2023-12-10 22:30:09.125 [info] /vscode-extensions closed
2023-12-10 22:30:09.633 [info] /settings/configurationDefaults closed
2023-12-10 22:30:10.934 [info] /settings/resourceLanguage closed
2023-12-10 22:30:16.609 [info] /launch closed
2023-12-10 22:30:16.610 [info] /token-styling closed
2023-12-10 22:30:16.790 [info] /textmate-colors closed
2023-12-10 22:30:16.794 [info] /workbench-colors closed
2023-12-10 22:33:09.166 [info] /vscode-extensions closed
2023-12-10 22:33:09.680 [info] /settings/configurationDefaults closed
2023-12-10 22:33:10.987 [info] /settings/resourceLanguage closed
2023-12-10 22:33:16.720 [info] /launch closed
2023-12-10 22:33:16.729 [info] /token-styling closed
2023-12-10 22:33:16.952 [info] /textmate-colors closed
2023-12-10 22:33:16.956 [info] /workbench-colors closed
2023-12-10 22:36:09.207 [info] /vscode-extensions closed
2023-12-10 22:36:09.729 [info] /settings/configurationDefaults closed
2023-12-10 22:36:11.034 [info] /settings/resourceLanguage closed
2023-12-10 22:36:16.850 [info] /launch closed
2023-12-10 22:36:16.861 [info] /token-styling closed
2023-12-10 22:36:17.038 [info] /textmate-colors closed
2023-12-10 22:36:17.042 [info] /workbench-colors closed
2023-12-10 22:39:09.246 [info] /vscode-extensions closed
2023-12-10 22:39:09.771 [info] /settings/configurationDefaults closed
2023-12-10 22:39:11.074 [info] /settings/resourceLanguage closed
2023-12-10 22:39:16.949 [info] /launch closed
2023-12-10 22:39:16.952 [info] /token-styling closed
2023-12-10 22:39:17.108 [info] /textmate-colors closed
2023-12-10 22:39:17.108 [info] /workbench-colors closed
2023-12-10 22:42:09.292 [info] /vscode-extensions closed
2023-12-10 22:42:09.809 [info] /settings/configurationDefaults closed
2023-12-10 22:42:11.122 [info] /settings/resourceLanguage closed
2023-12-10 22:42:17.047 [info] /launch closed
2023-12-10 22:42:17.058 [info] /token-styling closed
2023-12-10 22:42:17.224 [info] /textmate-colors closed
2023-12-10 22:42:17.228 [info] /workbench-colors closed
2023-12-10 22:45:09.330 [info] /vscode-extensions closed
2023-12-10 22:45:09.853 [info] /settings/configurationDefaults closed
2023-12-10 22:45:11.166 [info] /settings/resourceLanguage closed
2023-12-10 22:45:17.156 [info] /launch closed
2023-12-10 22:45:17.158 [info] /token-styling closed
2023-12-10 22:45:17.331 [info] /textmate-colors closed
2023-12-10 22:45:17.337 [info] /workbench-colors closed
2023-12-10 22:48:09.369 [info] /vscode-extensions closed
2023-12-10 22:48:09.898 [info] /settings/configurationDefaults closed
2023-12-10 22:48:11.228 [info] /settings/resourceLanguage closed
2023-12-10 22:48:17.252 [info] /launch closed
2023-12-10 22:48:17.255 [info] /token-styling closed
2023-12-10 22:48:17.400 [info] /textmate-colors closed
2023-12-10 22:48:17.402 [info] /workbench-colors closed
2023-12-10 22:51:09.406 [info] /vscode-extensions closed
2023-12-10 22:51:09.937 [info] /settings/configurationDefaults closed
2023-12-10 22:51:11.269 [info] /settings/resourceLanguage closed
2023-12-10 22:51:17.353 [info] /launch closed
2023-12-10 22:51:17.359 [info] /token-styling closed
2023-12-10 22:51:17.526 [info] /textmate-colors closed
2023-12-10 22:51:17.526 [info] /workbench-colors closed
2023-12-10 22:54:09.447 [info] /vscode-extensions closed
2023-12-10 22:54:09.976 [info] /settings/configurationDefaults closed
2023-12-10 22:54:11.314 [info] /settings/resourceLanguage closed
2023-12-10 22:54:17.454 [info] /launch closed
2023-12-10 22:54:17.458 [info] /token-styling closed
2023-12-10 22:54:17.649 [info] /textmate-colors closed
2023-12-10 22:54:17.656 [info] /workbench-colors closed
2023-12-10 22:57:09.485 [info] /vscode-extensions closed
2023-12-10 22:57:10.022 [info] /settings/configurationDefaults closed
2023-12-10 22:57:11.367 [info] /settings/resourceLanguage closed
2023-12-10 22:57:17.552 [info] /launch closed
2023-12-10 22:57:17.553 [info] /token-styling closed
2023-12-10 22:57:17.699 [info] /textmate-colors closed
2023-12-10 22:57:17.702 [info] /workbench-colors closed
2023-12-10 23:00:09.522 [info] /vscode-extensions closed
2023-12-10 23:00:10.054 [info] /settings/configurationDefaults closed
2023-12-10 23:00:11.406 [info] /settings/resourceLanguage closed
2023-12-10 23:00:17.654 [info] /launch closed
2023-12-10 23:00:17.656 [info] /token-styling closed
2023-12-10 23:00:17.797 [info] /textmate-colors closed
2023-12-10 23:00:17.801 [info] /workbench-colors closed
2023-12-10 23:03:09.558 [info] /vscode-extensions closed
2023-12-10 23:03:10.091 [info] /settings/configurationDefaults closed
2023-12-10 23:03:11.460 [info] /settings/resourceLanguage closed
2023-12-10 23:03:17.746 [info] /launch closed
2023-12-10 23:03:17.752 [info] /token-styling closed
2023-12-10 23:03:17.898 [info] /textmate-colors closed
2023-12-10 23:03:17.902 [info] /workbench-colors closed
2023-12-10 23:06:09.587 [info] /vscode-extensions closed
2023-12-10 23:06:10.125 [info] /settings/configurationDefaults closed
2023-12-10 23:06:11.508 [info] /settings/resourceLanguage closed
2023-12-10 23:06:17.853 [info] /launch closed
2023-12-10 23:06:17.856 [info] /token-styling closed
2023-12-10 23:06:18.012 [info] /textmate-colors closed
2023-12-10 23:06:18.015 [info] /workbench-colors closed
2023-12-10 23:09:09.620 [info] /vscode-extensions closed
2023-12-10 23:09:10.161 [info] /settings/configurationDefaults closed
2023-12-10 23:09:11.556 [info] /settings/resourceLanguage closed
2023-12-10 23:09:17.951 [info] /launch closed
2023-12-10 23:09:17.953 [info] /token-styling closed
2023-12-10 23:09:18.088 [info] /textmate-colors closed
2023-12-10 23:09:18.090 [info] /workbench-colors closed
2023-12-10 23:12:09.658 [info] /vscode-extensions closed
2023-12-10 23:12:10.204 [info] /settings/configurationDefaults closed
2023-12-10 23:12:11.601 [info] /settings/resourceLanguage closed
2023-12-10 23:12:18.049 [info] /launch closed
2023-12-10 23:12:18.051 [info] /token-styling closed
2023-12-10 23:12:18.200 [info] /textmate-colors closed
2023-12-10 23:12:18.201 [info] /workbench-colors closed
2023-12-10 23:15:09.696 [info] /vscode-extensions closed
2023-12-10 23:15:10.238 [info] /settings/configurationDefaults closed
2023-12-10 23:15:11.645 [info] /settings/resourceLanguage closed
2023-12-10 23:15:18.157 [info] /launch closed
2023-12-10 23:15:18.163 [info] /token-styling closed
2023-12-10 23:15:18.322 [info] /textmate-colors closed
2023-12-10 23:15:18.323 [info] /workbench-colors closed
2023-12-10 23:18:09.741 [info] /vscode-extensions closed
2023-12-10 23:18:10.280 [info] /settings/configurationDefaults closed
2023-12-10 23:18:11.684 [info] /settings/resourceLanguage closed
2023-12-10 23:18:18.275 [info] /launch closed
2023-12-10 23:18:18.283 [info] /token-styling closed
2023-12-10 23:18:18.460 [info] /textmate-colors closed
2023-12-10 23:18:18.465 [info] /workbench-colors closed
2023-12-10 23:21:09.776 [info] /vscode-extensions closed
2023-12-10 23:21:10.325 [info] /settings/configurationDefaults closed
2023-12-10 23:21:11.729 [info] /settings/resourceLanguage closed
2023-12-10 23:21:18.377 [info] /launch closed
2023-12-10 23:21:18.385 [info] /token-styling closed
2023-12-10 23:21:18.563 [info] /textmate-colors closed
2023-12-10 23:21:18.572 [info] /workbench-colors closed
2023-12-10 23:24:09.816 [info] /vscode-extensions closed
2023-12-10 23:24:10.368 [info] /settings/configurationDefaults closed
2023-12-10 23:24:11.768 [info] /settings/resourceLanguage closed
2023-12-10 23:24:18.502 [info] /launch closed
2023-12-10 23:24:18.503 [info] /token-styling closed
2023-12-10 23:24:18.670 [info] /textmate-colors closed
2023-12-10 23:24:18.674 [info] /workbench-colors closed
2023-12-10 23:27:09.861 [info] /vscode-extensions closed
2023-12-10 23:27:10.414 [info] /settings/configurationDefaults closed
2023-12-10 23:27:11.825 [info] /settings/resourceLanguage closed
2023-12-10 23:27:18.604 [info] /launch closed
2023-12-10 23:27:18.605 [info] /token-styling closed
2023-12-10 23:27:18.738 [info] /textmate-colors closed
2023-12-10 23:27:18.741 [info] /workbench-colors closed
2023-12-10 23:30:09.898 [info] /vscode-extensions closed
2023-12-10 23:30:10.455 [info] /settings/configurationDefaults closed
2023-12-10 23:30:11.858 [info] /settings/resourceLanguage closed
2023-12-10 23:30:18.698 [info] /launch closed
2023-12-10 23:30:18.702 [info] /token-styling closed
2023-12-10 23:30:18.855 [info] /textmate-colors closed
2023-12-10 23:30:18.857 [info] /workbench-colors closed
2023-12-10 23:33:09.941 [info] /vscode-extensions closed
2023-12-10 23:33:10.491 [info] /settings/configurationDefaults closed
2023-12-10 23:33:11.917 [info] /settings/resourceLanguage closed
2023-12-10 23:33:18.800 [info] /launch closed
2023-12-10 23:33:18.811 [info] /token-styling closed
2023-12-10 23:33:18.994 [info] /textmate-colors closed
2023-12-10 23:33:19.001 [info] /workbench-colors closed
2023-12-10 23:36:09.980 [info] /vscode-extensions closed
2023-12-10 23:36:10.533 [info] /settings/configurationDefaults closed
2023-12-10 23:36:11.958 [info] /settings/resourceLanguage closed
2023-12-10 23:36:18.944 [info] /launch closed
2023-12-10 23:36:18.945 [info] /token-styling closed
2023-12-10 23:36:19.088 [info] /textmate-colors closed
2023-12-10 23:36:19.088 [info] /workbench-colors closed
2023-12-10 23:39:10.016 [info] /vscode-extensions closed
2023-12-10 23:39:10.578 [info] /settings/configurationDefaults closed
2023-12-10 23:39:12.001 [info] /settings/resourceLanguage closed
2023-12-10 23:39:19.042 [info] /launch closed
2023-12-10 23:39:19.044 [info] /token-styling closed
2023-12-10 23:39:19.182 [info] /textmate-colors closed
2023-12-10 23:39:19.184 [info] /workbench-colors closed
2023-12-10 23:42:10.045 [info] /vscode-extensions closed
2023-12-10 23:42:10.618 [info] /settings/configurationDefaults closed
2023-12-10 23:42:12.053 [info] /settings/resourceLanguage closed
2023-12-10 23:42:19.149 [info] /launch closed
2023-12-10 23:42:19.151 [info] /token-styling closed
2023-12-10 23:42:19.291 [info] /textmate-colors closed
2023-12-10 23:42:19.296 [info] /workbench-colors closed
2023-12-10 23:45:10.079 [info] /vscode-extensions closed
2023-12-10 23:45:10.658 [info] /settings/configurationDefaults closed
2023-12-10 23:45:12.095 [info] /settings/resourceLanguage closed
2023-12-10 23:45:19.256 [info] /launch closed
2023-12-10 23:45:19.257 [info] /token-styling closed
2023-12-10 23:45:19.398 [info] /textmate-colors closed
2023-12-10 23:45:19.398 [info] /workbench-colors closed
2023-12-10 23:48:10.116 [info] /vscode-extensions closed
2023-12-10 23:48:10.709 [info] /settings/configurationDefaults closed
2023-12-10 23:48:12.142 [info] /settings/resourceLanguage closed
2023-12-10 23:48:19.355 [info] /launch closed
2023-12-10 23:48:19.356 [info] /token-styling closed
2023-12-10 23:48:19.509 [info] /textmate-colors closed
2023-12-10 23:48:19.515 [info] /workbench-colors closed
2023-12-10 23:51:10.152 [info] /vscode-extensions closed
2023-12-10 23:51:10.748 [info] /settings/configurationDefaults closed
2023-12-10 23:51:12.186 [info] /settings/resourceLanguage closed
2023-12-10 23:51:19.459 [info] /launch closed
2023-12-10 23:51:19.460 [info] /token-styling closed
2023-12-10 23:51:19.636 [info] /textmate-colors closed
2023-12-10 23:51:19.637 [info] /workbench-colors closed
