2023-12-10 16:03:20.994 [info] Reading sessions from keychain...
2023-12-10 16:03:20.994 [info] Getting sessions for all scopes...
2023-12-10 16:03:20.994 [info] Getting sessions for all scopes...
2023-12-10 16:03:20.994 [info] Getting sessions for read:user...
2023-12-10 16:03:20.994 [info] Got 0 sessions for ...
2023-12-10 16:03:20.994 [info] Got 0 sessions for ...
2023-12-10 16:03:20.994 [info] Got 0 sessions for read:user...
2023-12-10 16:03:20.994 [info] Getting sessions for user:email...
2023-12-10 16:03:20.994 [info] Got 0 sessions for user:email...
2023-12-10 16:03:21.090 [info] Getting sessions for user:email...
2023-12-10 16:03:21.090 [info] Got 0 sessions for user:email...
2023-12-10 16:03:21.107 [info] Getting sessions for read:user...
2023-12-10 16:03:21.107 [info] Got 0 sessions for read:user...
2023-12-10 16:03:28.205 [info] Logging in for the following scopes: user:email
2023-12-10 16:03:28.214 [info] Trying without local server... (user:email)
2023-12-10 16:03:37.139 [info] Exchanging code for token...
2023-12-10 16:03:37.731 [info] Token exchange success!
2023-12-10 16:03:37.732 [info] Getting user info...
2023-12-10 16:03:38.229 [info] Got account info!
2023-12-10 16:03:38.230 [info] Storing 1 sessions...
2023-12-10 16:03:38.232 [info] Reading sessions from keychain...
2023-12-10 16:03:38.232 [info] Stored 1 sessions!
2023-12-10 16:03:38.232 [info] Login success!
2023-12-10 16:03:38.245 [info] Got stored sessions!
2023-12-10 16:03:38.245 [info] Got 1 verified sessions.
2023-12-10 16:03:38.245 [info] Getting sessions for user:email...
2023-12-10 16:03:38.245 [info] Got 1 sessions for user:email...
2023-12-10 16:03:38.245 [info] Getting sessions for user:email...
2023-12-10 16:03:38.245 [info] Got 1 sessions for user:email...
2023-12-10 16:03:38.247 [info] Getting sessions for read:user...
2023-12-10 16:03:38.247 [info] Got 0 sessions for read:user...
2023-12-10 16:03:38.247 [info] Getting sessions for user:email...
2023-12-10 16:03:38.247 [info] Got 1 sessions for user:email...
2023-12-10 16:03:38.266 [info] Getting sessions for user:email...
2023-12-10 16:03:38.266 [info] Got 1 sessions for user:email...
2023-12-10 16:03:38.855 [info] Getting sessions for user:email...
2023-12-10 16:03:38.855 [info] Got 1 sessions for user:email...
2023-12-10 16:03:38.861 [info] Getting sessions for user:email...
2023-12-10 16:03:38.861 [info] Got 1 sessions for user:email...
2023-12-10 16:28:38.870 [info] Getting sessions for user:email...
2023-12-10 16:28:38.879 [info] Got 1 sessions for user:email...
2023-12-10 16:28:38.912 [info] Getting sessions for read:user...
2023-12-10 16:28:38.912 [info] Got 0 sessions for read:user...
2023-12-10 16:28:38.913 [info] Getting sessions for user:email...
2023-12-10 16:28:38.914 [info] Got 1 sessions for user:email...
2023-12-10 16:28:39.492 [info] Getting sessions for user:email...
2023-12-10 16:28:39.492 [info] Got 1 sessions for user:email...
2023-12-10 16:53:39.508 [info] Getting sessions for user:email...
2023-12-10 16:53:39.508 [info] Got 1 sessions for user:email...
2023-12-10 16:53:39.535 [info] Getting sessions for read:user...
2023-12-10 16:53:39.535 [info] Got 0 sessions for read:user...
2023-12-10 16:53:39.537 [info] Getting sessions for user:email...
2023-12-10 16:53:39.537 [info] Got 1 sessions for user:email...
2023-12-10 16:53:40.289 [info] Getting sessions for user:email...
2023-12-10 16:53:40.289 [info] Got 1 sessions for user:email...
2023-12-10 17:48:49.236 [info] Getting sessions for user:email...
2023-12-10 17:48:49.237 [info] Got 1 sessions for user:email...
2023-12-10 17:48:49.264 [info] Getting sessions for read:user...
2023-12-10 17:48:49.264 [info] Got 0 sessions for read:user...
2023-12-10 17:48:49.265 [info] Getting sessions for user:email...
2023-12-10 17:48:49.265 [info] Got 1 sessions for user:email...
2023-12-10 17:48:49.780 [info] Getting sessions for user:email...
2023-12-10 17:48:49.780 [info] Got 1 sessions for user:email...
2023-12-10 18:13:50.647 [info] Getting sessions for user:email...
2023-12-10 18:13:50.650 [info] Got 1 sessions for user:email...
2023-12-10 18:13:50.758 [info] Getting sessions for read:user...
2023-12-10 18:13:50.758 [info] Got 0 sessions for read:user...
2023-12-10 18:13:50.761 [info] Getting sessions for user:email...
2023-12-10 18:13:50.761 [info] Got 1 sessions for user:email...
2023-12-10 18:13:51.237 [info] Getting sessions for user:email...
2023-12-10 18:13:51.237 [info] Got 1 sessions for user:email...
2023-12-10 18:38:51.252 [info] Getting sessions for user:email...
2023-12-10 18:38:51.253 [info] Got 1 sessions for user:email...
2023-12-10 18:38:51.316 [info] Getting sessions for read:user...
2023-12-10 18:38:51.316 [info] Got 0 sessions for read:user...
2023-12-10 18:38:51.318 [info] Getting sessions for user:email...
2023-12-10 18:38:51.318 [info] Got 1 sessions for user:email...
2023-12-10 18:38:51.834 [info] Getting sessions for user:email...
2023-12-10 18:38:51.834 [info] Got 1 sessions for user:email...
2023-12-10 19:23:00.373 [info] Getting sessions for user:email...
2023-12-10 19:23:00.376 [info] Got 1 sessions for user:email...
2023-12-10 19:23:00.409 [info] Getting sessions for read:user...
2023-12-10 19:23:00.410 [info] Got 0 sessions for read:user...
2023-12-10 19:23:00.411 [info] Getting sessions for user:email...
2023-12-10 19:23:00.411 [info] Got 1 sessions for user:email...
2023-12-10 19:23:03.182 [info] Getting sessions for user:email...
2023-12-10 19:23:03.182 [info] Got 1 sessions for user:email...
2023-12-10 19:48:03.185 [info] Getting sessions for user:email...
2023-12-10 19:48:03.185 [info] Got 1 sessions for user:email...
2023-12-10 19:48:03.859 [info] Getting sessions for user:email...
2023-12-10 19:48:03.859 [info] Got 1 sessions for user:email...
2023-12-10 19:48:06.267 [info] Getting sessions for read:user...
2023-12-10 19:48:06.267 [info] Got 0 sessions for read:user...
2023-12-10 19:48:06.269 [info] Getting sessions for user:email...
2023-12-10 19:48:06.270 [info] Got 1 sessions for user:email...
2023-12-10 20:13:03.862 [info] Getting sessions for user:email...
2023-12-10 20:13:03.862 [info] Got 1 sessions for user:email...
2023-12-10 20:13:04.712 [info] Getting sessions for user:email...
2023-12-10 20:13:04.712 [info] Got 1 sessions for user:email...
2023-12-10 20:13:06.913 [info] Getting sessions for read:user...
2023-12-10 20:13:06.913 [info] Got 0 sessions for read:user...
2023-12-10 20:13:06.915 [info] Getting sessions for user:email...
2023-12-10 20:13:06.915 [info] Got 1 sessions for user:email...
2023-12-10 20:38:04.717 [info] Getting sessions for user:email...
2023-12-10 20:38:04.717 [info] Got 1 sessions for user:email...
2023-12-10 20:38:05.620 [info] Getting sessions for user:email...
2023-12-10 20:38:05.620 [info] Got 1 sessions for user:email...
2023-12-10 20:38:07.447 [info] Getting sessions for read:user...
2023-12-10 20:38:07.447 [info] Got 0 sessions for read:user...
2023-12-10 20:38:07.450 [info] Getting sessions for user:email...
2023-12-10 20:38:07.450 [info] Got 1 sessions for user:email...
2023-12-10 21:03:05.626 [info] Getting sessions for user:email...
2023-12-10 21:03:05.626 [info] Got 1 sessions for user:email...
2023-12-10 21:03:06.568 [info] Getting sessions for user:email...
2023-12-10 21:03:06.568 [info] Got 1 sessions for user:email...
2023-12-10 21:03:07.965 [info] Getting sessions for read:user...
2023-12-10 21:03:07.965 [info] Got 0 sessions for read:user...
2023-12-10 21:03:07.969 [info] Getting sessions for user:email...
2023-12-10 21:03:07.969 [info] Got 1 sessions for user:email...
2023-12-10 21:28:06.570 [info] Getting sessions for user:email...
2023-12-10 21:28:06.573 [info] Got 1 sessions for user:email...
2023-12-10 21:28:07.159 [info] Getting sessions for user:email...
2023-12-10 21:28:07.159 [info] Got 1 sessions for user:email...
2023-12-10 21:28:09.641 [info] Getting sessions for read:user...
2023-12-10 21:28:09.641 [info] Got 0 sessions for read:user...
2023-12-10 21:28:09.644 [info] Getting sessions for user:email...
2023-12-10 21:28:09.644 [info] Got 1 sessions for user:email...
2023-12-10 21:53:07.161 [info] Getting sessions for user:email...
2023-12-10 21:53:07.161 [info] Got 1 sessions for user:email...
2023-12-10 21:53:07.685 [info] Getting sessions for user:email...
2023-12-10 21:53:07.685 [info] Got 1 sessions for user:email...
2023-12-10 21:53:10.407 [info] Getting sessions for read:user...
2023-12-10 21:53:10.407 [info] Got 0 sessions for read:user...
2023-12-10 21:53:10.410 [info] Getting sessions for user:email...
2023-12-10 21:53:10.410 [info] Got 1 sessions for user:email...
2023-12-10 22:18:07.689 [info] Getting sessions for user:email...
2023-12-10 22:18:07.692 [info] Got 1 sessions for user:email...
2023-12-10 22:18:08.341 [info] Getting sessions for user:email...
2023-12-10 22:18:08.341 [info] Got 1 sessions for user:email...
2023-12-10 22:18:11.401 [info] Getting sessions for read:user...
2023-12-10 22:18:11.401 [info] Got 0 sessions for read:user...
2023-12-10 22:18:11.405 [info] Getting sessions for user:email...
2023-12-10 22:18:11.405 [info] Got 1 sessions for user:email...
2023-12-10 22:43:08.348 [info] Getting sessions for user:email...
2023-12-10 22:43:08.348 [info] Got 1 sessions for user:email...
2023-12-10 22:43:10.178 [info] Getting sessions for user:email...
2023-12-10 22:43:10.178 [info] Got 1 sessions for user:email...
2023-12-10 22:43:12.030 [info] Getting sessions for read:user...
2023-12-10 22:43:12.030 [info] Got 0 sessions for read:user...
2023-12-10 22:43:12.031 [info] Getting sessions for user:email...
2023-12-10 22:43:12.031 [info] Got 1 sessions for user:email...
2023-12-10 23:08:10.181 [info] Getting sessions for user:email...
2023-12-10 23:08:10.181 [info] Got 1 sessions for user:email...
2023-12-10 23:08:10.906 [info] Getting sessions for user:email...
2023-12-10 23:08:10.906 [info] Got 1 sessions for user:email...
2023-12-10 23:08:12.648 [info] Getting sessions for read:user...
2023-12-10 23:08:12.648 [info] Got 0 sessions for read:user...
2023-12-10 23:08:12.651 [info] Getting sessions for user:email...
2023-12-10 23:08:12.651 [info] Got 1 sessions for user:email...
2023-12-10 23:33:10.908 [info] Getting sessions for user:email...
2023-12-10 23:33:10.908 [info] Got 1 sessions for user:email...
2023-12-10 23:33:11.699 [info] Getting sessions for user:email...
2023-12-10 23:33:11.699 [info] Got 1 sessions for user:email...
2023-12-10 23:33:13.260 [info] Getting sessions for read:user...
2023-12-10 23:33:13.260 [info] Got 0 sessions for read:user...
2023-12-10 23:33:13.261 [info] Getting sessions for user:email...
2023-12-10 23:33:13.261 [info] Got 1 sessions for user:email...
