2023-12-10 16:03:20.903 [info] Log level: Info
2023-12-10 16:03:20.903 [info] Validating found git in: "git"
2023-12-10 16:03:20.903 [info] Using git "2.34.1" from "git"
2023-12-10 16:03:20.903 [info] > git rev-parse --show-toplevel [13ms]
2023-12-10 16:03:20.903 [info] > git rev-parse --git-dir --git-common-dir [20ms]
2023-12-10 16:03:20.903 [info] Open repository: /home/ahmed/Documents/ahmed/work/web/alaa_project/alaa_back
2023-12-10 16:03:20.922 [info] > git rev-parse --show-toplevel [2ms]
2023-12-10 16:03:20.923 [info] > git config --get commit.template [13ms]
2023-12-10 16:03:20.967 [info] > git rev-parse --show-toplevel [19ms]
2023-12-10 16:03:20.982 [info] > git for-each-ref --format=%(refname)%00%(upstream:short)%00%(objectname)%00%(upstream:track)%00%(upstream:remotename)%00%(upstream:remoteref) refs/heads/main refs/remotes/main [18ms]
2023-12-10 16:03:20.993 [warning] ENOENT: no such file or directory, open '/home/ahmed/Documents/ahmed/work/web/alaa_project/alaa_back/.git/refs/remotes/origin/main'
2023-12-10 16:03:20.994 [info] > git rev-parse --show-toplevel [13ms]
2023-12-10 16:03:21.002 [info] > git rev-parse refs/remotes/origin/main [9ms]
2023-12-10 16:03:21.015 [info] > git rev-parse --show-toplevel [14ms]
2023-12-10 16:03:21.030 [info] > git status -z -uall [18ms]
2023-12-10 16:03:21.030 [info] > git rev-parse --show-toplevel [3ms]
2023-12-10 16:03:21.060 [info] > git rev-parse --show-toplevel [11ms]
2023-12-10 16:03:21.082 [info] > git config --get commit.template [24ms]
2023-12-10 16:03:21.091 [info] > git for-each-ref --format=%(refname)%00%(upstream:short)%00%(objectname)%00%(upstream:track)%00%(upstream:remotename)%00%(upstream:remoteref) refs/heads/main refs/remotes/main [2ms]
2023-12-10 16:03:21.098 [warning] ENOENT: no such file or directory, open '/home/ahmed/Documents/ahmed/work/web/alaa_project/alaa_back/.git/refs/remotes/origin/main'
2023-12-10 16:03:21.099 [info] > git rev-parse refs/remotes/origin/main [1ms]
2023-12-10 16:03:21.114 [info] > git status -z -uall [8ms]
2023-12-10 16:03:21.434 [info] > git check-ignore -v -z --stdin [0ms]
2023-12-10 16:03:58.009 [info] > git show --textconv :server.js [16ms]
2023-12-10 16:03:58.010 [info] > git ls-files --stage -- /home/ahmed/Documents/ahmed/work/web/alaa_project/alaa_back/server.js [3ms]
2023-12-10 16:03:58.030 [info] > git cat-file -s 49060d46a077bb7e7e85d70212f489fc33ee4640 [6ms]
2023-12-10 16:04:08.577 [info] > git config --get commit.template [2ms]
2023-12-10 16:04:08.586 [info] > git for-each-ref --format=%(refname)%00%(upstream:short)%00%(objectname)%00%(upstream:track)%00%(upstream:remotename)%00%(upstream:remoteref) refs/heads/main refs/remotes/main [1ms]
2023-12-10 16:04:08.592 [warning] ENOENT: no such file or directory, open '/home/ahmed/Documents/ahmed/work/web/alaa_project/alaa_back/.git/refs/remotes/origin/main'
2023-12-10 16:04:08.593 [info] > git rev-parse refs/remotes/origin/main [1ms]
2023-12-10 16:04:08.602 [info] > git status -z -uall [2ms]
2023-12-10 16:04:09.697 [info] > git ls-files --stage -- /home/ahmed/Documents/ahmed/work/web/alaa_project/alaa_back/server.js [2ms]
2023-12-10 16:04:09.705 [info] > git cat-file -s 49060d46a077bb7e7e85d70212f489fc33ee4640 [1ms]
2023-12-10 16:04:09.714 [info] > git show --textconv :server.js [1ms]
2023-12-10 16:04:26.024 [info] > git config --get commit.template [2ms]
2023-12-10 16:04:26.034 [info] > git for-each-ref --format=%(refname)%00%(upstream:short)%00%(objectname)%00%(upstream:track)%00%(upstream:remotename)%00%(upstream:remoteref) refs/heads/main refs/remotes/main [1ms]
2023-12-10 16:04:26.041 [warning] ENOENT: no such file or directory, open '/home/ahmed/Documents/ahmed/work/web/alaa_project/alaa_back/.git/refs/remotes/origin/main'
2023-12-10 16:04:26.042 [info] > git rev-parse refs/remotes/origin/main [1ms]
2023-12-10 16:04:26.050 [info] > git status -z -uall [2ms]
2023-12-10 16:04:27.142 [info] > git ls-files --stage -- /home/ahmed/Documents/ahmed/work/web/alaa_project/alaa_back/server.js [2ms]
2023-12-10 16:04:27.152 [info] > git cat-file -s 49060d46a077bb7e7e85d70212f489fc33ee4640 [1ms]
2023-12-10 16:04:27.163 [info] > git show --textconv :server.js [2ms]
2023-12-10 16:04:36.980 [info] > git config --get commit.template [17ms]
2023-12-10 16:04:36.981 [info] > git for-each-ref --format=%(refname)%00%(upstream:short)%00%(objectname)%00%(upstream:track)%00%(upstream:remotename)%00%(upstream:remoteref) refs/heads/main refs/remotes/main [4ms]
2023-12-10 16:04:36.996 [warning] ENOENT: no such file or directory, open '/home/ahmed/Documents/ahmed/work/web/alaa_project/alaa_back/.git/refs/remotes/origin/main'
2023-12-10 16:04:36.999 [info] > git rev-parse refs/remotes/origin/main [3ms]
2023-12-10 16:04:37.016 [info] > git status -z -uall [4ms]
2023-12-10 16:04:38.064 [info] > git ls-files --stage -- /home/ahmed/Documents/ahmed/work/web/alaa_project/alaa_back/server.js [1ms]
2023-12-10 16:04:38.074 [info] > git cat-file -s 49060d46a077bb7e7e85d70212f489fc33ee4640 [1ms]
2023-12-10 16:04:38.082 [info] > git show --textconv :server.js [1ms]
2023-12-10 16:04:46.776 [info] > git show --textconv :package.json [10ms]
2023-12-10 16:04:46.777 [info] > git ls-files --stage -- /home/ahmed/Documents/ahmed/work/web/alaa_project/alaa_back/package.json [2ms]
2023-12-10 16:04:46.786 [info] > git cat-file -s a6cec91a457b3fdecdd5a9007f8ed4c0549eaff6 [1ms]
2023-12-10 16:06:16.086 [info] > git config --get commit.template [9ms]
2023-12-10 16:06:16.086 [info] > git for-each-ref --format=%(refname)%00%(upstream:short)%00%(objectname)%00%(upstream:track)%00%(upstream:remotename)%00%(upstream:remoteref) refs/heads/main refs/remotes/main [1ms]
2023-12-10 16:06:16.093 [warning] ENOENT: no such file or directory, open '/home/ahmed/Documents/ahmed/work/web/alaa_project/alaa_back/.git/refs/remotes/origin/main'
2023-12-10 16:06:16.094 [info] > git rev-parse refs/remotes/origin/main [1ms]
2023-12-10 16:06:16.102 [info] > git status -z -uall [2ms]
2023-12-10 16:06:29.452 [info] > git config --get commit.template [7ms]
2023-12-10 16:06:29.453 [info] > git for-each-ref --format=%(refname)%00%(upstream:short)%00%(objectname)%00%(upstream:track)%00%(upstream:remotename)%00%(upstream:remoteref) refs/heads/main refs/remotes/main [2ms]
2023-12-10 16:06:29.460 [warning] ENOENT: no such file or directory, open '/home/ahmed/Documents/ahmed/work/web/alaa_project/alaa_back/.git/refs/remotes/origin/main'
2023-12-10 16:06:29.461 [info] > git rev-parse refs/remotes/origin/main [0ms]
2023-12-10 16:06:29.468 [info] > git status -z -uall [1ms]
2023-12-10 16:06:44.992 [info] > git config --get commit.template [9ms]
2023-12-10 16:06:44.992 [info] > git for-each-ref --format=%(refname)%00%(upstream:short)%00%(objectname)%00%(upstream:track)%00%(upstream:remotename)%00%(upstream:remoteref) refs/heads/main refs/remotes/main [1ms]
2023-12-10 16:06:44.999 [warning] ENOENT: no such file or directory, open '/home/ahmed/Documents/ahmed/work/web/alaa_project/alaa_back/.git/refs/remotes/origin/main'
2023-12-10 16:06:45.000 [info] > git rev-parse refs/remotes/origin/main [1ms]
2023-12-10 16:06:45.009 [info] > git status -z -uall [2ms]
2023-12-10 16:06:45.742 [info] > git show --textconv :server.js [8ms]
2023-12-10 16:06:45.743 [info] > git ls-files --stage -- /home/ahmed/Documents/ahmed/work/web/alaa_project/alaa_back/server.js [1ms]
2023-12-10 16:06:45.751 [info] > git cat-file -s 49060d46a077bb7e7e85d70212f489fc33ee4640 [1ms]
2023-12-10 16:07:26.169 [info] > git config --get commit.template [10ms]
2023-12-10 16:07:26.169 [info] > git for-each-ref --format=%(refname)%00%(upstream:short)%00%(objectname)%00%(upstream:track)%00%(upstream:remotename)%00%(upstream:remoteref) refs/heads/main refs/remotes/main [1ms]
2023-12-10 16:07:26.176 [warning] ENOENT: no such file or directory, open '/home/ahmed/Documents/ahmed/work/web/alaa_project/alaa_back/.git/refs/remotes/origin/main'
2023-12-10 16:07:26.176 [info] > git rev-parse refs/remotes/origin/main [0ms]
2023-12-10 16:07:26.184 [info] > git status -z -uall [1ms]
2023-12-10 16:07:31.213 [info] > git config --get commit.template [9ms]
2023-12-10 16:07:31.213 [info] > git for-each-ref --format=%(refname)%00%(upstream:short)%00%(objectname)%00%(upstream:track)%00%(upstream:remotename)%00%(upstream:remoteref) refs/heads/main refs/remotes/main [1ms]
2023-12-10 16:07:31.221 [warning] ENOENT: no such file or directory, open '/home/ahmed/Documents/ahmed/work/web/alaa_project/alaa_back/.git/refs/remotes/origin/main'
2023-12-10 16:07:31.222 [info] > git rev-parse refs/remotes/origin/main [1ms]
2023-12-10 16:07:31.232 [info] > git status -z -uall [2ms]
2023-12-10 16:07:52.999 [info] > git show --textconv :package.json [11ms]
2023-12-10 16:07:53.000 [info] > git ls-files --stage -- /home/ahmed/Documents/ahmed/work/web/alaa_project/alaa_back/package.json [1ms]
2023-12-10 16:07:53.010 [info] > git cat-file -s a6cec91a457b3fdecdd5a9007f8ed4c0549eaff6 [0ms]
2023-12-10 16:09:13.950 [info] > git config --get commit.template [11ms]
2023-12-10 16:09:13.950 [info] > git for-each-ref --format=%(refname)%00%(upstream:short)%00%(objectname)%00%(upstream:track)%00%(upstream:remotename)%00%(upstream:remoteref) refs/heads/main refs/remotes/main [1ms]
2023-12-10 16:09:13.958 [warning] ENOENT: no such file or directory, open '/home/ahmed/Documents/ahmed/work/web/alaa_project/alaa_back/.git/refs/remotes/origin/main'
2023-12-10 16:09:13.959 [info] > git rev-parse refs/remotes/origin/main [1ms]
2023-12-10 16:09:13.967 [info] > git status -z -uall [1ms]
2023-12-10 16:09:36.939 [info] > git config --get commit.template [3ms]
2023-12-10 16:09:36.952 [info] > git for-each-ref --format=%(refname)%00%(upstream:short)%00%(objectname)%00%(upstream:track)%00%(upstream:remotename)%00%(upstream:remoteref) refs/heads/main refs/remotes/main [1ms]
2023-12-10 16:09:36.960 [warning] ENOENT: no such file or directory, open '/home/ahmed/Documents/ahmed/work/web/alaa_project/alaa_back/.git/refs/remotes/origin/main'
2023-12-10 16:09:36.961 [info] > git rev-parse refs/remotes/origin/main [1ms]
2023-12-10 16:09:36.970 [info] > git status -z -uall [1ms]
2023-12-10 16:10:02.009 [info] > git config --get commit.template [11ms]
2023-12-10 16:10:02.009 [info] > git for-each-ref --format=%(refname)%00%(upstream:short)%00%(objectname)%00%(upstream:track)%00%(upstream:remotename)%00%(upstream:remoteref) refs/heads/main refs/remotes/main [1ms]
2023-12-10 16:10:02.018 [warning] ENOENT: no such file or directory, open '/home/ahmed/Documents/ahmed/work/web/alaa_project/alaa_back/.git/refs/remotes/origin/main'
2023-12-10 16:10:02.019 [info] > git rev-parse refs/remotes/origin/main [1ms]
2023-12-10 16:10:02.029 [info] > git status -z -uall [1ms]
2023-12-10 16:10:05.984 [info] > git show --textconv :server.js [11ms]
2023-12-10 16:10:05.985 [info] > git ls-files --stage -- /home/ahmed/Documents/ahmed/work/web/alaa_project/alaa_back/server.js [2ms]
2023-12-10 16:10:05.996 [info] > git cat-file -s 49060d46a077bb7e7e85d70212f489fc33ee4640 [1ms]
2023-12-10 16:10:10.042 [info] > git config --get commit.template [3ms]
2023-12-10 16:10:10.052 [info] > git for-each-ref --format=%(refname)%00%(upstream:short)%00%(objectname)%00%(upstream:track)%00%(upstream:remotename)%00%(upstream:remoteref) refs/heads/main refs/remotes/main [1ms]
2023-12-10 16:10:10.060 [warning] ENOENT: no such file or directory, open '/home/ahmed/Documents/ahmed/work/web/alaa_project/alaa_back/.git/refs/remotes/origin/main'
2023-12-10 16:10:10.061 [info] > git rev-parse refs/remotes/origin/main [1ms]
2023-12-10 16:10:10.069 [info] > git status -z -uall [1ms]
2023-12-10 16:10:15.098 [info] > git config --get commit.template [8ms]
2023-12-10 16:10:15.098 [info] > git for-each-ref --format=%(refname)%00%(upstream:short)%00%(objectname)%00%(upstream:track)%00%(upstream:remotename)%00%(upstream:remoteref) refs/heads/main refs/remotes/main [1ms]
2023-12-10 16:10:15.105 [warning] ENOENT: no such file or directory, open '/home/ahmed/Documents/ahmed/work/web/alaa_project/alaa_back/.git/refs/remotes/origin/main'
2023-12-10 16:10:15.106 [info] > git rev-parse refs/remotes/origin/main [1ms]
2023-12-10 16:10:15.116 [info] > git status -z -uall [1ms]
2023-12-10 16:10:15.197 [info] > git show --textconv :package.json [15ms]
2023-12-10 16:10:15.198 [info] > git ls-files --stage -- /home/ahmed/Documents/ahmed/work/web/alaa_project/alaa_back/package.json [2ms]
2023-12-10 16:10:15.207 [info] > git cat-file -s a6cec91a457b3fdecdd5a9007f8ed4c0549eaff6 [1ms]
2023-12-10 16:10:24.141 [info] > git for-each-ref --format=%(refname)%00%(upstream:short)%00%(objectname)%00%(upstream:track)%00%(upstream:remotename)%00%(upstream:remoteref) refs/heads/main refs/remotes/main [2ms]
2023-12-10 16:10:24.141 [info] > git config --get commit.template [9ms]
2023-12-10 16:10:24.148 [warning] ENOENT: no such file or directory, open '/home/ahmed/Documents/ahmed/work/web/alaa_project/alaa_back/.git/refs/remotes/origin/main'
2023-12-10 16:10:24.149 [info] > git rev-parse refs/remotes/origin/main [1ms]
2023-12-10 16:10:24.157 [info] > git status -z -uall [1ms]
2023-12-10 16:10:40.937 [info] > git show --textconv :server.js [9ms]
2023-12-10 16:10:40.938 [info] > git ls-files --stage -- /home/ahmed/Documents/ahmed/work/web/alaa_project/alaa_back/server.js [1ms]
2023-12-10 16:10:40.949 [info] > git cat-file -s 49060d46a077bb7e7e85d70212f489fc33ee4640 [1ms]
2023-12-10 16:11:13.178 [info] > git config --get commit.template [10ms]
2023-12-10 16:11:13.178 [info] > git for-each-ref --format=%(refname)%00%(upstream:short)%00%(objectname)%00%(upstream:track)%00%(upstream:remotename)%00%(upstream:remoteref) refs/heads/main refs/remotes/main [1ms]
2023-12-10 16:11:13.186 [warning] ENOENT: no such file or directory, open '/home/ahmed/Documents/ahmed/work/web/alaa_project/alaa_back/.git/refs/remotes/origin/main'
2023-12-10 16:11:13.186 [info] > git rev-parse refs/remotes/origin/main [1ms]
2023-12-10 16:11:13.194 [info] > git status -z -uall [1ms]
2023-12-10 16:11:21.237 [info] > git show --textconv :.env [9ms]
2023-12-10 16:11:21.238 [info] > git ls-files --stage -- /home/ahmed/Documents/ahmed/work/web/alaa_project/alaa_back/.env [1ms]
2023-12-10 16:11:21.495 [info] > git check-ignore -v -z --stdin [1ms]
2023-12-10 16:11:22.070 [info] > git config --get commit.template [10ms]
2023-12-10 16:11:22.071 [info] > git for-each-ref --format=%(refname)%00%(upstream:short)%00%(objectname)%00%(upstream:track)%00%(upstream:remotename)%00%(upstream:remoteref) refs/heads/main refs/remotes/main [1ms]
2023-12-10 16:11:22.081 [warning] ENOENT: no such file or directory, open '/home/ahmed/Documents/ahmed/work/web/alaa_project/alaa_back/.git/refs/remotes/origin/main'
2023-12-10 16:11:22.082 [info] > git rev-parse refs/remotes/origin/main [0ms]
2023-12-10 16:11:22.091 [info] > git status -z -uall [1ms]
2023-12-10 16:11:32.825 [info] > git config --get commit.template [8ms]
2023-12-10 16:11:32.825 [info] > git for-each-ref --format=%(refname)%00%(upstream:short)%00%(objectname)%00%(upstream:track)%00%(upstream:remotename)%00%(upstream:remoteref) refs/heads/main refs/remotes/main [1ms]
2023-12-10 16:11:32.833 [warning] ENOENT: no such file or directory, open '/home/ahmed/Documents/ahmed/work/web/alaa_project/alaa_back/.git/refs/remotes/origin/main'
2023-12-10 16:11:32.834 [info] > git rev-parse refs/remotes/origin/main [1ms]
2023-12-10 16:11:32.843 [info] > git status -z -uall [2ms]
2023-12-10 16:11:37.866 [info] > git for-each-ref --format=%(refname)%00%(upstream:short)%00%(objectname)%00%(upstream:track)%00%(upstream:remotename)%00%(upstream:remoteref) refs/heads/main refs/remotes/main [2ms]
2023-12-10 16:11:37.866 [info] > git config --get commit.template [10ms]
2023-12-10 16:11:37.877 [warning] ENOENT: no such file or directory, open '/home/ahmed/Documents/ahmed/work/web/alaa_project/alaa_back/.git/refs/remotes/origin/main'
2023-12-10 16:11:37.878 [info] > git rev-parse refs/remotes/origin/main [1ms]
2023-12-10 16:11:37.888 [info] > git status -z -uall [2ms]
2023-12-10 16:11:42.918 [info] > git config --get commit.template [10ms]
2023-12-10 16:11:42.918 [info] > git for-each-ref --format=%(refname)%00%(upstream:short)%00%(objectname)%00%(upstream:track)%00%(upstream:remotename)%00%(upstream:remoteref) refs/heads/main refs/remotes/main [0ms]
2023-12-10 16:11:42.926 [warning] ENOENT: no such file or directory, open '/home/ahmed/Documents/ahmed/work/web/alaa_project/alaa_back/.git/refs/remotes/origin/main'
2023-12-10 16:11:42.927 [info] > git rev-parse refs/remotes/origin/main [1ms]
2023-12-10 16:11:42.936 [info] > git status -z -uall [2ms]
2023-12-10 16:13:56.600 [info] > git config --get commit.template [9ms]
2023-12-10 16:13:56.600 [info] > git for-each-ref --format=%(refname)%00%(upstream:short)%00%(objectname)%00%(upstream:track)%00%(upstream:remotename)%00%(upstream:remoteref) refs/heads/main refs/remotes/main [1ms]
2023-12-10 16:13:56.609 [warning] ENOENT: no such file or directory, open '/home/ahmed/Documents/ahmed/work/web/alaa_project/alaa_back/.git/refs/remotes/origin/main'
2023-12-10 16:13:56.610 [info] > git rev-parse refs/remotes/origin/main [1ms]
2023-12-10 16:13:56.620 [info] > git status -z -uall [1ms]
2023-12-10 16:14:01.646 [info] > git config --get commit.template [9ms]
2023-12-10 16:14:01.646 [info] > git for-each-ref --format=%(refname)%00%(upstream:short)%00%(objectname)%00%(upstream:track)%00%(upstream:remotename)%00%(upstream:remoteref) refs/heads/main refs/remotes/main [1ms]
2023-12-10 16:14:01.653 [warning] ENOENT: no such file or directory, open '/home/ahmed/Documents/ahmed/work/web/alaa_project/alaa_back/.git/refs/remotes/origin/main'
2023-12-10 16:14:01.654 [info] > git rev-parse refs/remotes/origin/main [1ms]
2023-12-10 16:14:01.662 [info] > git status -z -uall [1ms]
2023-12-10 16:14:04.824 [info] > git show --textconv :server.js [9ms]
2023-12-10 16:14:04.825 [info] > git ls-files --stage -- /home/ahmed/Documents/ahmed/work/web/alaa_project/alaa_back/server.js [1ms]
2023-12-10 16:14:04.834 [info] > git cat-file -s 49060d46a077bb7e7e85d70212f489fc33ee4640 [1ms]
2023-12-10 16:14:20.105 [info] > git check-ignore -v -z --stdin [1ms]
2023-12-10 16:14:20.958 [info] > git show --textconv :config/dbConnect.js [9ms]
2023-12-10 16:14:20.958 [info] > git ls-files --stage -- /home/ahmed/Documents/ahmed/work/web/alaa_project/alaa_back/config/dbConnect.js [0ms]
2023-12-10 16:14:20.967 [info] > git cat-file -s 4e527fd15b16cbba6bc5d37e0b18e453aded8b8a [1ms]
2023-12-10 16:14:28.556 [info] > git show --textconv :.env [8ms]
2023-12-10 16:14:28.556 [info] > git ls-files --stage -- /home/ahmed/Documents/ahmed/work/web/alaa_project/alaa_back/.env [1ms]
2023-12-10 16:14:34.825 [info] > git config --get commit.template [10ms]
2023-12-10 16:14:34.825 [info] > git for-each-ref --format=%(refname)%00%(upstream:short)%00%(objectname)%00%(upstream:track)%00%(upstream:remotename)%00%(upstream:remoteref) refs/heads/main refs/remotes/main [1ms]
2023-12-10 16:14:34.833 [warning] ENOENT: no such file or directory, open '/home/ahmed/Documents/ahmed/work/web/alaa_project/alaa_back/.git/refs/remotes/origin/main'
2023-12-10 16:14:34.834 [info] > git rev-parse refs/remotes/origin/main [1ms]
2023-12-10 16:14:34.842 [info] > git status -z -uall [2ms]
2023-12-10 16:14:39.870 [info] > git config --get commit.template [10ms]
2023-12-10 16:14:39.870 [info] > git for-each-ref --format=%(refname)%00%(upstream:short)%00%(objectname)%00%(upstream:track)%00%(upstream:remotename)%00%(upstream:remoteref) refs/heads/main refs/remotes/main [1ms]
2023-12-10 16:14:39.877 [warning] ENOENT: no such file or directory, open '/home/ahmed/Documents/ahmed/work/web/alaa_project/alaa_back/.git/refs/remotes/origin/main'
2023-12-10 16:14:39.878 [info] > git rev-parse refs/remotes/origin/main [1ms]
2023-12-10 16:14:39.891 [info] > git status -z -uall [2ms]
2023-12-10 16:15:07.486 [info] > git config --get commit.template [9ms]
2023-12-10 16:15:07.487 [info] > git for-each-ref --format=%(refname)%00%(upstream:short)%00%(objectname)%00%(upstream:track)%00%(upstream:remotename)%00%(upstream:remoteref) refs/heads/main refs/remotes/main [1ms]
2023-12-10 16:15:07.493 [warning] ENOENT: no such file or directory, open '/home/ahmed/Documents/ahmed/work/web/alaa_project/alaa_back/.git/refs/remotes/origin/main'
2023-12-10 16:15:07.494 [info] > git rev-parse refs/remotes/origin/main [1ms]
2023-12-10 16:15:07.502 [info] > git status -z -uall [2ms]
2023-12-10 16:15:12.528 [info] > git config --get commit.template [9ms]
2023-12-10 16:15:12.529 [info] > git for-each-ref --format=%(refname)%00%(upstream:short)%00%(objectname)%00%(upstream:track)%00%(upstream:remotename)%00%(upstream:remoteref) refs/heads/main refs/remotes/main [2ms]
2023-12-10 16:15:12.536 [warning] ENOENT: no such file or directory, open '/home/ahmed/Documents/ahmed/work/web/alaa_project/alaa_back/.git/refs/remotes/origin/main'
2023-12-10 16:15:12.537 [info] > git rev-parse refs/remotes/origin/main [1ms]
2023-12-10 16:15:12.545 [info] > git status -z -uall [2ms]
