2023-12-02 22:19:32.447 [info] Configuration changed
2023-12-02 22:19:32.524 [info] Configuration changed
2023-12-02 22:19:48.717 [info] Configuration changed
2023-12-02 22:21:25.675 [info] /home/ahmed/Documents/ahmed/work/alaa_front/.vscode/settings.json closed
2023-12-02 22:21:25.685 [info] Configuration changed
2023-12-02 22:21:45.861 [info] /home/ahmed/Documents/ahmed/work/alaa_front/.vscode/settings.json closed
2023-12-02 22:21:45.877 [info] Configuration changed
2023-12-02 22:21:47.556 [info] Active editor: untitled:Untitled-1
2023-12-02 22:21:52.265 [info] Untitled-1 closed
2023-12-02 22:22:11.364 [info] /home/ahmed/.config/Code/User/settings.json closed
2023-12-02 22:22:11.384 [info] Configuration changed
2023-12-02 22:22:37.280 [info] /home/ahmed/.config/Code/User/settings.json closed
2023-12-02 22:22:37.294 [info] Configuration changed
2023-12-02 22:22:38.520 [info] /home/ahmed/.config/Code/User/settings.json closed
2023-12-02 22:22:38.531 [info] Configuration changed
2023-12-02 22:22:54.906 [info] /home/ahmed/.config/Code/User/settings.json closed
2023-12-02 22:22:54.916 [info] Configuration changed
2023-12-02 22:22:55.243 [info] /home/ahmed/.config/Code/User/settings.json closed
2023-12-02 22:22:55.255 [info] Configuration changed
2023-12-02 22:22:55.572 [info] /home/ahmed/.config/Code/User/settings.json closed
2023-12-02 22:22:55.582 [info] Configuration changed
2023-12-02 22:22:56.713 [info] /home/ahmed/.config/Code/User/settings.json closed
2023-12-02 22:22:56.724 [info] Configuration changed
2023-12-02 22:32:41.107 [info] Active editor: file:///home/ahmed/Documents/ahmed/work/alaa_front/package.json
2023-12-02 22:35:41.174 [info] /vscode-extensions closed
2023-12-02 22:35:41.277 [info] /settings/configurationDefaults closed
2023-12-02 22:35:41.410 [info] /settings/resourceLanguage closed
2023-12-02 22:35:41.470 [info] /launch closed
2023-12-02 22:35:41.471 [info] /token-styling closed
2023-12-02 22:35:41.472 [info] /textmate-colors closed
2023-12-02 22:35:41.475 [info] /workbench-colors closed
2023-12-02 22:38:41.188 [info] /vscode-extensions closed
2023-12-02 22:38:41.316 [info] /settings/configurationDefaults closed
2023-12-02 22:38:41.520 [info] /settings/resourceLanguage closed
2023-12-02 22:38:41.574 [info] /launch closed
2023-12-02 22:38:41.574 [info] /token-styling closed
2023-12-02 22:38:41.575 [info] /textmate-colors closed
2023-12-02 22:38:41.583 [info] /workbench-colors closed
2023-12-02 22:41:41.220 [info] /vscode-extensions closed
2023-12-02 22:41:41.361 [info] /settings/configurationDefaults closed
2023-12-02 22:41:41.572 [info] /settings/resourceLanguage closed
2023-12-02 22:41:41.743 [info] /launch closed
2023-12-02 22:41:41.743 [info] /token-styling closed
2023-12-02 22:41:41.744 [info] /textmate-colors closed
2023-12-02 22:41:41.755 [info] /workbench-colors closed
2023-12-02 22:44:41.251 [info] /vscode-extensions closed
2023-12-02 22:44:41.403 [info] /settings/configurationDefaults closed
2023-12-02 22:44:41.630 [info] /settings/resourceLanguage closed
2023-12-02 22:44:41.846 [info] /launch closed
2023-12-02 22:44:41.848 [info] /token-styling closed
2023-12-02 22:44:41.850 [info] /textmate-colors closed
2023-12-02 22:44:41.851 [info] /workbench-colors closed
2023-12-02 22:47:41.285 [info] /vscode-extensions closed
2023-12-02 22:47:41.440 [info] /settings/configurationDefaults closed
2023-12-02 22:47:41.685 [info] /settings/resourceLanguage closed
2023-12-02 22:47:41.953 [info] /launch closed
2023-12-02 22:47:41.958 [info] /token-styling closed
2023-12-02 22:47:41.959 [info] /textmate-colors closed
2023-12-02 22:47:41.959 [info] /workbench-colors closed
2023-12-02 22:50:15.656 [info] /home/ahmed/Documents/ahmed/work/alaa_front/package.json closed
2023-12-02 22:50:15.656 [info] /home/ahmed/Documents/ahmed/work/alaa_front/package.json.git closed
2023-12-02 22:50:41.321 [info] /vscode-extensions closed
2023-12-02 22:50:41.479 [info] /settings/configurationDefaults closed
2023-12-02 22:50:41.736 [info] /settings/resourceLanguage closed
2023-12-02 22:50:42.043 [info] /launch closed
2023-12-02 22:50:42.044 [info] /token-styling closed
2023-12-02 22:50:42.044 [info] /textmate-colors closed
2023-12-02 22:50:42.047 [info] /workbench-colors closed
2023-12-02 22:52:19.191 [info] Configuration changed
